[2.531s] Invoking command in '/home/leo/Group7LitterRobot/sapling_ws/src/domains/navigation': PYTHONPATH=/home/leo/Group7LitterRobot/sapling_ws/build/navigation/prefix_override:/usr/lib/python3/dist-packages/colcon_core/task/python/colcon_distutils_commands:/home/leo/Group7LitterRobot/sapling_ws/install/navigation/lib/python3.10/site-packages:${PYTHONPATH} /usr/bin/python3 -W ignore:setup.py install is deprecated -W ignore:easy_install command is deprecated setup.py egg_info --egg-base ../../../build/navigation build --build-base /home/leo/Group7LitterRobot/sapling_ws/build/navigation/build install --record /home/leo/Group7LitterRobot/sapling_ws/build/navigation/install.log --single-version-externally-managed install_data
[3.057s] running egg_info
[3.058s] creating ../../../build/navigation/navigation.egg-info
[3.058s] writing ../../../build/navigation/navigation.egg-info/PKG-INFO
[3.059s] writing dependency_links to ../../../build/navigation/navigation.egg-info/dependency_links.txt
[3.059s] writing entry points to ../../../build/navigation/navigation.egg-info/entry_points.txt
[3.059s] writing requirements to ../../../build/navigation/navigation.egg-info/requires.txt
[3.059s] writing top-level names to ../../../build/navigation/navigation.egg-info/top_level.txt
[3.059s] writing manifest file '../../../build/navigation/navigation.egg-info/SOURCES.txt'
[3.064s] reading manifest file '../../../build/navigation/navigation.egg-info/SOURCES.txt'
[3.064s] writing manifest file '../../../build/navigation/navigation.egg-info/SOURCES.txt'
[3.064s] running build
[3.065s] running build_py
[3.067s] creating /home/leo/Group7LitterRobot/sapling_ws/build/navigation/build
[3.067s] creating /home/leo/Group7LitterRobot/sapling_ws/build/navigation/build/lib
[3.067s] creating /home/leo/Group7LitterRobot/sapling_ws/build/navigation/build/lib/navigation
[3.067s] copying navigation/__init__.py -> /home/leo/Group7LitterRobot/sapling_ws/build/navigation/build/lib/navigation
[3.068s] running install
[3.068s] running install_lib
[3.069s] creating /home/leo/Group7LitterRobot/sapling_ws/install/navigation/lib/python3.10/site-packages/navigation
[3.070s] copying /home/leo/Group7LitterRobot/sapling_ws/build/navigation/build/lib/navigation/__init__.py -> /home/leo/Group7LitterRobot/sapling_ws/install/navigation/lib/python3.10/site-packages/navigation
[3.074s] byte-compiling /home/leo/Group7LitterRobot/sapling_ws/install/navigation/lib/python3.10/site-packages/navigation/__init__.py to __init__.cpython-310.pyc
[3.074s] running install_data
[3.074s] creating /home/leo/Group7LitterRobot/sapling_ws/install/navigation/share/ament_index
[3.074s] creating /home/leo/Group7LitterRobot/sapling_ws/install/navigation/share/ament_index/resource_index
[3.075s] creating /home/leo/Group7LitterRobot/sapling_ws/install/navigation/share/ament_index/resource_index/packages
[3.075s] copying resource/navigation -> /home/leo/Group7LitterRobot/sapling_ws/install/navigation/share/ament_index/resource_index/packages
[3.075s] copying package.xml -> /home/leo/Group7LitterRobot/sapling_ws/install/navigation/share/navigation
[3.075s] running install_egg_info
[3.077s] Copying ../../../build/navigation/navigation.egg-info to /home/leo/Group7LitterRobot/sapling_ws/install/navigation/lib/python3.10/site-packages/navigation-0.0.0-py3.10.egg-info
[3.080s] running install_scripts
[3.146s] writing list of installed files to '/home/leo/Group7LitterRobot/sapling_ws/build/navigation/install.log'
[3.253s] Invoked command in '/home/leo/Group7LitterRobot/sapling_ws/src/domains/navigation' returned '0': PYTHONPATH=/home/leo/Group7LitterRobot/sapling_ws/build/navigation/prefix_override:/usr/lib/python3/dist-packages/colcon_core/task/python/colcon_distutils_commands:/home/leo/Group7LitterRobot/sapling_ws/install/navigation/lib/python3.10/site-packages:${PYTHONPATH} /usr/bin/python3 -W ignore:setup.py install is deprecated -W ignore:easy_install command is deprecated setup.py egg_info --egg-base ../../../build/navigation build --build-base /home/leo/Group7LitterRobot/sapling_ws/build/navigation/build install --record /home/leo/Group7LitterRobot/sapling_ws/build/navigation/install.log --single-version-externally-managed install_data
