running egg_info
creating ../../../build/comms/comms.egg-info
writing ../../../build/comms/comms.egg-info/PKG-INFO
writing dependency_links to ../../../build/comms/comms.egg-info/dependency_links.txt
writing entry points to ../../../build/comms/comms.egg-info/entry_points.txt
writing requirements to ../../../build/comms/comms.egg-info/requires.txt
writing top-level names to ../../../build/comms/comms.egg-info/top_level.txt
writing manifest file '../../../build/comms/comms.egg-info/SOURCES.txt'
reading manifest file '../../../build/comms/comms.egg-info/SOURCES.txt'
writing manifest file '../../../build/comms/comms.egg-info/SOURCES.txt'
running build
running build_py
creating /home/leo/Group7LitterRobot/sapling_ws/build/comms/build
creating /home/leo/Group7LitterRobot/sapling_ws/build/comms/build/lib
creating /home/leo/Group7LitterRobot/sapling_ws/build/comms/build/lib/comms
copying comms/__init__.py -> /home/leo/Group7LitterRobot/sapling_ws/build/comms/build/lib/comms
running install
running install_lib
creating /home/leo/Group7LitterRobot/sapling_ws/install/comms/lib/python3.10/site-packages/comms
copying /home/leo/Group7LitterRobot/sapling_ws/build/comms/build/lib/comms/__init__.py -> /home/leo/Group7LitterRobot/sapling_ws/install/comms/lib/python3.10/site-packages/comms
byte-compiling /home/leo/Group7LitterRobot/sapling_ws/install/comms/lib/python3.10/site-packages/comms/__init__.py to __init__.cpython-310.pyc
running install_data
creating /home/leo/Group7LitterRobot/sapling_ws/install/comms/share/ament_index
creating /home/leo/Group7LitterRobot/sapling_ws/install/comms/share/ament_index/resource_index
creating /home/leo/Group7LitterRobot/sapling_ws/install/comms/share/ament_index/resource_index/packages
copying resource/comms -> /home/leo/Group7LitterRobot/sapling_ws/install/comms/share/ament_index/resource_index/packages
copying package.xml -> /home/leo/Group7LitterRobot/sapling_ws/install/comms/share/comms
running install_egg_info
Copying ../../../build/comms/comms.egg-info to /home/leo/Group7LitterRobot/sapling_ws/install/comms/lib/python3.10/site-packages/comms-0.0.0-py3.10.egg-info
running install_scripts
writing list of installed files to '/home/leo/Group7LitterRobot/sapling_ws/build/comms/install.log'
