[2.567s] Invoking command in '/home/leo/Group7LitterRobot/sapling_ws/src/domains/comms': PYTHONPATH=/home/leo/Group7LitterRobot/sapling_ws/build/comms/prefix_override:/usr/lib/python3/dist-packages/colcon_core/task/python/colcon_distutils_commands:/home/leo/Group7LitterRobot/sapling_ws/install/comms/lib/python3.10/site-packages:${PYTHONPATH} /usr/bin/python3 -W ignore:setup.py install is deprecated -W ignore:easy_install command is deprecated setup.py egg_info --egg-base ../../../build/comms build --build-base /home/leo/Group7LitterRobot/sapling_ws/build/comms/build install --record /home/leo/Group7LitterRobot/sapling_ws/build/comms/install.log --single-version-externally-managed install_data
[3.037s] running egg_info
[3.037s] creating ../../../build/comms/comms.egg-info
[3.042s] writing ../../../build/comms/comms.egg-info/PKG-INFO
[3.043s] writing dependency_links to ../../../build/comms/comms.egg-info/dependency_links.txt
[3.043s] writing entry points to ../../../build/comms/comms.egg-info/entry_points.txt
[3.043s] writing requirements to ../../../build/comms/comms.egg-info/requires.txt
[3.044s] writing top-level names to ../../../build/comms/comms.egg-info/top_level.txt
[3.048s] writing manifest file '../../../build/comms/comms.egg-info/SOURCES.txt'
[3.048s] reading manifest file '../../../build/comms/comms.egg-info/SOURCES.txt'
[3.049s] writing manifest file '../../../build/comms/comms.egg-info/SOURCES.txt'
[3.050s] running build
[3.050s] running build_py
[3.050s] creating /home/leo/Group7LitterRobot/sapling_ws/build/comms/build
[3.050s] creating /home/leo/Group7LitterRobot/sapling_ws/build/comms/build/lib
[3.050s] creating /home/leo/Group7LitterRobot/sapling_ws/build/comms/build/lib/comms
[3.053s] copying comms/__init__.py -> /home/leo/Group7LitterRobot/sapling_ws/build/comms/build/lib/comms
[3.054s] running install
[3.054s] running install_lib
[3.055s] creating /home/leo/Group7LitterRobot/sapling_ws/install/comms/lib/python3.10/site-packages/comms
[3.055s] copying /home/leo/Group7LitterRobot/sapling_ws/build/comms/build/lib/comms/__init__.py -> /home/leo/Group7LitterRobot/sapling_ws/install/comms/lib/python3.10/site-packages/comms
[3.056s] byte-compiling /home/leo/Group7LitterRobot/sapling_ws/install/comms/lib/python3.10/site-packages/comms/__init__.py to __init__.cpython-310.pyc
[3.056s] running install_data
[3.056s] creating /home/leo/Group7LitterRobot/sapling_ws/install/comms/share/ament_index
[3.057s] creating /home/leo/Group7LitterRobot/sapling_ws/install/comms/share/ament_index/resource_index
[3.057s] creating /home/leo/Group7LitterRobot/sapling_ws/install/comms/share/ament_index/resource_index/packages
[3.057s] copying resource/comms -> /home/leo/Group7LitterRobot/sapling_ws/install/comms/share/ament_index/resource_index/packages
[3.057s] copying package.xml -> /home/leo/Group7LitterRobot/sapling_ws/install/comms/share/comms
[3.057s] running install_egg_info
[3.057s] Copying ../../../build/comms/comms.egg-info to /home/leo/Group7LitterRobot/sapling_ws/install/comms/lib/python3.10/site-packages/comms-0.0.0-py3.10.egg-info
[3.057s] running install_scripts
[3.088s] writing list of installed files to '/home/leo/Group7LitterRobot/sapling_ws/build/comms/install.log'
[3.168s] Invoked command in '/home/leo/Group7LitterRobot/sapling_ws/src/domains/comms' returned '0': PYTHONPATH=/home/leo/Group7LitterRobot/sapling_ws/build/comms/prefix_override:/usr/lib/python3/dist-packages/colcon_core/task/python/colcon_distutils_commands:/home/leo/Group7LitterRobot/sapling_ws/install/comms/lib/python3.10/site-packages:${PYTHONPATH} /usr/bin/python3 -W ignore:setup.py install is deprecated -W ignore:easy_install command is deprecated setup.py egg_info --egg-base ../../../build/comms build --build-base /home/leo/Group7LitterRobot/sapling_ws/build/comms/build install --record /home/leo/Group7LitterRobot/sapling_ws/build/comms/install.log --single-version-externally-managed install_data
