[2.001s] Invoking command in '/home/leo/Group7LitterRobot/sapling_ws/src/domains/vision': PYTHONPATH=/home/leo/Group7LitterRobot/sapling_ws/build/vision/prefix_override:/usr/lib/python3/dist-packages/colcon_core/task/python/colcon_distutils_commands:/home/leo/Group7LitterRobot/sapling_ws/install/vision/lib/python3.10/site-packages:${PYTHONPATH} /usr/bin/python3 -W ignore:setup.py install is deprecated -W ignore:easy_install command is deprecated setup.py egg_info --egg-base ../../../build/vision build --build-base /home/leo/Group7LitterRobot/sapling_ws/build/vision/build install --record /home/leo/Group7LitterRobot/sapling_ws/build/vision/install.log --single-version-externally-managed install_data
[2.496s] running egg_info
[2.498s] creating ../../../build/vision/vision.egg-info
[2.498s] writing ../../../build/vision/vision.egg-info/PKG-INFO
[2.501s] writing dependency_links to ../../../build/vision/vision.egg-info/dependency_links.txt
[2.504s] writing entry points to ../../../build/vision/vision.egg-info/entry_points.txt
[2.505s] writing requirements to ../../../build/vision/vision.egg-info/requires.txt
[2.505s] writing top-level names to ../../../build/vision/vision.egg-info/top_level.txt
[2.505s] writing manifest file '../../../build/vision/vision.egg-info/SOURCES.txt'
[2.508s] reading manifest file '../../../build/vision/vision.egg-info/SOURCES.txt'
[2.510s] writing manifest file '../../../build/vision/vision.egg-info/SOURCES.txt'
[2.510s] running build
[2.510s] running build_py
[2.513s] creating /home/leo/Group7LitterRobot/sapling_ws/build/vision/build
[2.514s] creating /home/leo/Group7LitterRobot/sapling_ws/build/vision/build/lib
[2.514s] creating /home/leo/Group7LitterRobot/sapling_ws/build/vision/build/lib/vision
[2.514s] copying vision/__init__.py -> /home/leo/Group7LitterRobot/sapling_ws/build/vision/build/lib/vision
[2.514s] running install
[2.515s] running install_lib
[2.520s] creating /home/leo/Group7LitterRobot/sapling_ws/install/vision/lib/python3.10/site-packages/vision
[2.520s] copying /home/leo/Group7LitterRobot/sapling_ws/build/vision/build/lib/vision/__init__.py -> /home/leo/Group7LitterRobot/sapling_ws/install/vision/lib/python3.10/site-packages/vision
[2.523s] byte-compiling /home/leo/Group7LitterRobot/sapling_ws/install/vision/lib/python3.10/site-packages/vision/__init__.py to __init__.cpython-310.pyc
[2.523s] running install_data
[2.524s] creating /home/leo/Group7LitterRobot/sapling_ws/install/vision/share/ament_index
[2.524s] creating /home/leo/Group7LitterRobot/sapling_ws/install/vision/share/ament_index/resource_index
[2.524s] creating /home/leo/Group7LitterRobot/sapling_ws/install/vision/share/ament_index/resource_index/packages
[2.524s] copying resource/vision -> /home/leo/Group7LitterRobot/sapling_ws/install/vision/share/ament_index/resource_index/packages
[2.524s] copying package.xml -> /home/leo/Group7LitterRobot/sapling_ws/install/vision/share/vision
[2.524s] running install_egg_info
[2.533s] Copying ../../../build/vision/vision.egg-info to /home/leo/Group7LitterRobot/sapling_ws/install/vision/lib/python3.10/site-packages/vision-0.0.0-py3.10.egg-info
[2.538s] running install_scripts
[2.611s] writing list of installed files to '/home/leo/Group7LitterRobot/sapling_ws/build/vision/install.log'
[2.737s] Invoked command in '/home/leo/Group7LitterRobot/sapling_ws/src/domains/vision' returned '0': PYTHONPATH=/home/leo/Group7LitterRobot/sapling_ws/build/vision/prefix_override:/usr/lib/python3/dist-packages/colcon_core/task/python/colcon_distutils_commands:/home/leo/Group7LitterRobot/sapling_ws/install/vision/lib/python3.10/site-packages:${PYTHONPATH} /usr/bin/python3 -W ignore:setup.py install is deprecated -W ignore:easy_install command is deprecated setup.py egg_info --egg-base ../../../build/vision build --build-base /home/leo/Group7LitterRobot/sapling_ws/build/vision/build install --record /home/leo/Group7LitterRobot/sapling_ws/build/vision/install.log --single-version-externally-managed install_data
