[0.061s] Invoking command in '/home/leo/Group7LitterRobot/sapling_ws/build/sapling_description': CMAKE_PREFIX_PATH=${CMAKE_PREFIX_PATH}:/home/leo/Group7LitterRobot-main/sapling_ws/install/vision_pkg:/home/leo/Group7LitterRobot-main/sapling_ws/install/vision:/home/leo/Group7LitterRobot-main/sapling_ws/install/pick_and_place_python:/home/leo/Group7LitterRobot-main/sapling_ws/install/piper:/home/leo/Group7LitterRobot-main/sapling_ws/install/navigation:/home/leo/Group7LitterRobot-main/sapling_ws/install/comms:/home/leo/Group7LitterRobot-main/sapling_ws/install/brain:/home/leo/Group7LitterRobot-main/sapling_ws/install/add_zones_pkg:/opt/ros/humble /usr/bin/cmake /home/leo/Group7LitterRobot/sapling_ws/src/sapling_description -DCMAKE_INSTALL_PREFIX=/home/leo/Group7LitterRobot/sapling_ws/install/sapling_description
[0.567s] -- The C compiler identification is GNU 11.4.0
[0.567s] -- The CXX compiler identification is GNU 11.4.0
[0.567s] -- Detecting C compiler ABI info
[0.567s] -- Detecting C compiler ABI info - done
[0.567s] -- Check for working C compiler: /usr/bin/cc - skipped
[0.568s] -- Detecting C compile features
[0.568s] -- Detecting C compile features - done
[0.568s] -- Detecting CXX compiler ABI info
[0.568s] -- Detecting CXX compiler ABI info - done
[0.568s] -- Check for working CXX compiler: /usr/bin/c++ - skipped
[0.568s] -- Detecting CXX compile features
[0.568s] -- Detecting CXX compile features - done
[0.568s] -- Found ament_cmake: 1.3.12 (/opt/ros/humble/share/ament_cmake/cmake)
[0.748s] -- Found Python3: /usr/bin/python3 (found version "3.10.12") found components: Interpreter 
[0.877s] -- Found ament_lint_auto: 0.12.14 (/opt/ros/humble/share/ament_lint_auto/cmake)
[1.015s] -- Added test 'lint_cmake' to check CMake code style
[1.019s] -- Added test 'xmllint' to check XML markup files
[1.024s] -- Configuring done
[1.033s] -- Generating done
[1.037s] -- Build files have been written to: /home/leo/Group7LitterRobot/sapling_ws/build/sapling_description
[1.099s] Invoked command in '/home/leo/Group7LitterRobot/sapling_ws/build/sapling_description' returned '0': CMAKE_PREFIX_PATH=${CMAKE_PREFIX_PATH}:/home/leo/Group7LitterRobot-main/sapling_ws/install/vision_pkg:/home/leo/Group7LitterRobot-main/sapling_ws/install/vision:/home/leo/Group7LitterRobot-main/sapling_ws/install/pick_and_place_python:/home/leo/Group7LitterRobot-main/sapling_ws/install/piper:/home/leo/Group7LitterRobot-main/sapling_ws/install/navigation:/home/leo/Group7LitterRobot-main/sapling_ws/install/comms:/home/leo/Group7LitterRobot-main/sapling_ws/install/brain:/home/leo/Group7LitterRobot-main/sapling_ws/install/add_zones_pkg:/opt/ros/humble /usr/bin/cmake /home/leo/Group7LitterRobot/sapling_ws/src/sapling_description -DCMAKE_INSTALL_PREFIX=/home/leo/Group7LitterRobot/sapling_ws/install/sapling_description
[1.101s] Invoking command in '/home/leo/Group7LitterRobot/sapling_ws/build/sapling_description': CMAKE_PREFIX_PATH=${CMAKE_PREFIX_PATH}:/home/leo/Group7LitterRobot-main/sapling_ws/install/vision_pkg:/home/leo/Group7LitterRobot-main/sapling_ws/install/vision:/home/leo/Group7LitterRobot-main/sapling_ws/install/pick_and_place_python:/home/leo/Group7LitterRobot-main/sapling_ws/install/piper:/home/leo/Group7LitterRobot-main/sapling_ws/install/navigation:/home/leo/Group7LitterRobot-main/sapling_ws/install/comms:/home/leo/Group7LitterRobot-main/sapling_ws/install/brain:/home/leo/Group7LitterRobot-main/sapling_ws/install/add_zones_pkg:/opt/ros/humble /usr/bin/cmake --build /home/leo/Group7LitterRobot/sapling_ws/build/sapling_description -- -j8 -l8
[1.243s] Invoked command in '/home/leo/Group7LitterRobot/sapling_ws/build/sapling_description' returned '0': CMAKE_PREFIX_PATH=${CMAKE_PREFIX_PATH}:/home/leo/Group7LitterRobot-main/sapling_ws/install/vision_pkg:/home/leo/Group7LitterRobot-main/sapling_ws/install/vision:/home/leo/Group7LitterRobot-main/sapling_ws/install/pick_and_place_python:/home/leo/Group7LitterRobot-main/sapling_ws/install/piper:/home/leo/Group7LitterRobot-main/sapling_ws/install/navigation:/home/leo/Group7LitterRobot-main/sapling_ws/install/comms:/home/leo/Group7LitterRobot-main/sapling_ws/install/brain:/home/leo/Group7LitterRobot-main/sapling_ws/install/add_zones_pkg:/opt/ros/humble /usr/bin/cmake --build /home/leo/Group7LitterRobot/sapling_ws/build/sapling_description -- -j8 -l8
[1.252s] Invoking command in '/home/leo/Group7LitterRobot/sapling_ws/build/sapling_description': CMAKE_PREFIX_PATH=${CMAKE_PREFIX_PATH}:/home/leo/Group7LitterRobot-main/sapling_ws/install/vision_pkg:/home/leo/Group7LitterRobot-main/sapling_ws/install/vision:/home/leo/Group7LitterRobot-main/sapling_ws/install/pick_and_place_python:/home/leo/Group7LitterRobot-main/sapling_ws/install/piper:/home/leo/Group7LitterRobot-main/sapling_ws/install/navigation:/home/leo/Group7LitterRobot-main/sapling_ws/install/comms:/home/leo/Group7LitterRobot-main/sapling_ws/install/brain:/home/leo/Group7LitterRobot-main/sapling_ws/install/add_zones_pkg:/opt/ros/humble /usr/bin/cmake --install /home/leo/Group7LitterRobot/sapling_ws/build/sapling_description
[1.276s] -- Install configuration: ""
[1.276s] -- Installing: /home/leo/Group7LitterRobot/sapling_ws/install/sapling_description/share/ament_index/resource_index/package_run_dependencies/sapling_description
[1.277s] -- Installing: /home/leo/Group7LitterRobot/sapling_ws/install/sapling_description/share/ament_index/resource_index/parent_prefix_path/sapling_description
[1.277s] -- Installing: /home/leo/Group7LitterRobot/sapling_ws/install/sapling_description/share/sapling_description/environment/ament_prefix_path.sh
[1.281s] -- Installing: /home/leo/Group7LitterRobot/sapling_ws/install/sapling_description/share/sapling_description/environment/ament_prefix_path.dsv
[1.281s] -- Installing: /home/leo/Group7LitterRobot/sapling_ws/install/sapling_description/share/sapling_description/environment/path.sh
[1.281s] -- Installing: /home/leo/Group7LitterRobot/sapling_ws/install/sapling_description/share/sapling_description/environment/path.dsv
[1.281s] -- Installing: /home/leo/Group7LitterRobot/sapling_ws/install/sapling_description/share/sapling_description/local_setup.bash
[1.282s] -- Installing: /home/leo/Group7LitterRobot/sapling_ws/install/sapling_description/share/sapling_description/local_setup.sh
[1.282s] -- Installing: /home/leo/Group7LitterRobot/sapling_ws/install/sapling_description/share/sapling_description/local_setup.zsh
[1.282s] -- Installing: /home/leo/Group7LitterRobot/sapling_ws/install/sapling_description/share/sapling_description/local_setup.dsv
[1.288s] -- Installing: /home/leo/Group7LitterRobot/sapling_ws/install/sapling_description/share/sapling_description/package.dsv
[1.288s] -- Installing: /home/leo/Group7LitterRobot/sapling_ws/install/sapling_description/share/ament_index/resource_index/packages/sapling_description
[1.289s] -- Installing: /home/leo/Group7LitterRobot/sapling_ws/install/sapling_description/share/sapling_description/cmake/sapling_descriptionConfig.cmake
[1.289s] -- Installing: /home/leo/Group7LitterRobot/sapling_ws/install/sapling_description/share/sapling_description/cmake/sapling_descriptionConfig-version.cmake
[1.289s] -- Installing: /home/leo/Group7LitterRobot/sapling_ws/install/sapling_description/share/sapling_description/package.xml
[1.295s] Invoked command in '/home/leo/Group7LitterRobot/sapling_ws/build/sapling_description' returned '0': CMAKE_PREFIX_PATH=${CMAKE_PREFIX_PATH}:/home/leo/Group7LitterRobot-main/sapling_ws/install/vision_pkg:/home/leo/Group7LitterRobot-main/sapling_ws/install/vision:/home/leo/Group7LitterRobot-main/sapling_ws/install/pick_and_place_python:/home/leo/Group7LitterRobot-main/sapling_ws/install/piper:/home/leo/Group7LitterRobot-main/sapling_ws/install/navigation:/home/leo/Group7LitterRobot-main/sapling_ws/install/comms:/home/leo/Group7LitterRobot-main/sapling_ws/install/brain:/home/leo/Group7LitterRobot-main/sapling_ws/install/add_zones_pkg:/opt/ros/humble /usr/bin/cmake --install /home/leo/Group7LitterRobot/sapling_ws/build/sapling_description
