[0.082s] Invoking command in '/home/leo/Group7LitterRobot/sapling_ws/build/sapling': CMAKE_PREFIX_PATH=${CMAKE_PREFIX_PATH}:/home/leo/Group7LitterRobot-main/sapling_ws/install/vision_pkg:/home/leo/Group7LitterRobot-main/sapling_ws/install/vision:/home/leo/Group7LitterRobot-main/sapling_ws/install/pick_and_place_python:/home/leo/Group7LitterRobot-main/sapling_ws/install/piper:/home/leo/Group7LitterRobot-main/sapling_ws/install/navigation:/home/leo/Group7LitterRobot-main/sapling_ws/install/comms:/home/leo/Group7LitterRobot-main/sapling_ws/install/brain:/home/leo/Group7LitterRobot-main/sapling_ws/install/add_zones_pkg:/opt/ros/humble /usr/bin/cmake /home/leo/Group7LitterRobot/sapling_ws/src/sapling -DCMAKE_INSTALL_PREFIX=/home/leo/Group7LitterRobot/sapling_ws/install/sapling
[0.178s] -- The C compiler identification is GNU 11.4.0
[0.265s] -- The CXX compiler identification is GNU 11.4.0
[0.277s] -- Detecting C compiler ABI info
[0.391s] -- Detecting C compiler ABI info - done
[0.406s] -- Check for working C compiler: /usr/bin/cc - skipped
[0.406s] -- Detecting C compile features
[0.406s] -- Detecting C compile features - done
[0.409s] -- Detecting CXX compiler ABI info
[0.548s] -- Detecting CXX compiler ABI info - done
[0.559s] -- Check for working CXX compiler: /usr/bin/c++ - skipped
[0.559s] -- Detecting CXX compile features
[0.560s] -- Detecting CXX compile features - done
[0.563s] -- Found ament_cmake: 1.3.12 (/opt/ros/humble/share/ament_cmake/cmake)
[0.820s] -- Found Python3: /usr/bin/python3 (found version "3.10.12") found components: Interpreter 
[0.995s] -- Found ament_lint_auto: 0.12.14 (/opt/ros/humble/share/ament_lint_auto/cmake)
[1.144s] -- Added test 'lint_cmake' to check CMake code style
[1.145s] -- Added test 'xmllint' to check XML markup files
[1.145s] -- Configuring done
[1.161s] -- Generating done
[1.163s] -- Build files have been written to: /home/leo/Group7LitterRobot/sapling_ws/build/sapling
[1.242s] Invoked command in '/home/leo/Group7LitterRobot/sapling_ws/build/sapling' returned '0': CMAKE_PREFIX_PATH=${CMAKE_PREFIX_PATH}:/home/leo/Group7LitterRobot-main/sapling_ws/install/vision_pkg:/home/leo/Group7LitterRobot-main/sapling_ws/install/vision:/home/leo/Group7LitterRobot-main/sapling_ws/install/pick_and_place_python:/home/leo/Group7LitterRobot-main/sapling_ws/install/piper:/home/leo/Group7LitterRobot-main/sapling_ws/install/navigation:/home/leo/Group7LitterRobot-main/sapling_ws/install/comms:/home/leo/Group7LitterRobot-main/sapling_ws/install/brain:/home/leo/Group7LitterRobot-main/sapling_ws/install/add_zones_pkg:/opt/ros/humble /usr/bin/cmake /home/leo/Group7LitterRobot/sapling_ws/src/sapling -DCMAKE_INSTALL_PREFIX=/home/leo/Group7LitterRobot/sapling_ws/install/sapling
[1.243s] Invoking command in '/home/leo/Group7LitterRobot/sapling_ws/build/sapling': CMAKE_PREFIX_PATH=${CMAKE_PREFIX_PATH}:/home/leo/Group7LitterRobot-main/sapling_ws/install/vision_pkg:/home/leo/Group7LitterRobot-main/sapling_ws/install/vision:/home/leo/Group7LitterRobot-main/sapling_ws/install/pick_and_place_python:/home/leo/Group7LitterRobot-main/sapling_ws/install/piper:/home/leo/Group7LitterRobot-main/sapling_ws/install/navigation:/home/leo/Group7LitterRobot-main/sapling_ws/install/comms:/home/leo/Group7LitterRobot-main/sapling_ws/install/brain:/home/leo/Group7LitterRobot-main/sapling_ws/install/add_zones_pkg:/opt/ros/humble /usr/bin/cmake --build /home/leo/Group7LitterRobot/sapling_ws/build/sapling -- -j8 -l8
[1.386s] Invoked command in '/home/leo/Group7LitterRobot/sapling_ws/build/sapling' returned '0': CMAKE_PREFIX_PATH=${CMAKE_PREFIX_PATH}:/home/leo/Group7LitterRobot-main/sapling_ws/install/vision_pkg:/home/leo/Group7LitterRobot-main/sapling_ws/install/vision:/home/leo/Group7LitterRobot-main/sapling_ws/install/pick_and_place_python:/home/leo/Group7LitterRobot-main/sapling_ws/install/piper:/home/leo/Group7LitterRobot-main/sapling_ws/install/navigation:/home/leo/Group7LitterRobot-main/sapling_ws/install/comms:/home/leo/Group7LitterRobot-main/sapling_ws/install/brain:/home/leo/Group7LitterRobot-main/sapling_ws/install/add_zones_pkg:/opt/ros/humble /usr/bin/cmake --build /home/leo/Group7LitterRobot/sapling_ws/build/sapling -- -j8 -l8
[1.391s] Invoking command in '/home/leo/Group7LitterRobot/sapling_ws/build/sapling': CMAKE_PREFIX_PATH=${CMAKE_PREFIX_PATH}:/home/leo/Group7LitterRobot-main/sapling_ws/install/vision_pkg:/home/leo/Group7LitterRobot-main/sapling_ws/install/vision:/home/leo/Group7LitterRobot-main/sapling_ws/install/pick_and_place_python:/home/leo/Group7LitterRobot-main/sapling_ws/install/piper:/home/leo/Group7LitterRobot-main/sapling_ws/install/navigation:/home/leo/Group7LitterRobot-main/sapling_ws/install/comms:/home/leo/Group7LitterRobot-main/sapling_ws/install/brain:/home/leo/Group7LitterRobot-main/sapling_ws/install/add_zones_pkg:/opt/ros/humble /usr/bin/cmake --install /home/leo/Group7LitterRobot/sapling_ws/build/sapling
[1.411s] -- Install configuration: ""
[1.411s] -- Installing: /home/leo/Group7LitterRobot/sapling_ws/install/sapling/share/ament_index/resource_index/package_run_dependencies/sapling
[1.413s] -- Installing: /home/leo/Group7LitterRobot/sapling_ws/install/sapling/share/ament_index/resource_index/parent_prefix_path/sapling
[1.416s] -- Installing: /home/leo/Group7LitterRobot/sapling_ws/install/sapling/share/sapling/environment/ament_prefix_path.sh
[1.416s] -- Installing: /home/leo/Group7LitterRobot/sapling_ws/install/sapling/share/sapling/environment/ament_prefix_path.dsv
[1.416s] -- Installing: /home/leo/Group7LitterRobot/sapling_ws/install/sapling/share/sapling/environment/path.sh
[1.417s] -- Installing: /home/leo/Group7LitterRobot/sapling_ws/install/sapling/share/sapling/environment/path.dsv
[1.417s] -- Installing: /home/leo/Group7LitterRobot/sapling_ws/install/sapling/share/sapling/local_setup.bash
[1.417s] -- Installing: /home/leo/Group7LitterRobot/sapling_ws/install/sapling/share/sapling/local_setup.sh
[1.421s] -- Installing: /home/leo/Group7LitterRobot/sapling_ws/install/sapling/share/sapling/local_setup.zsh
[1.421s] -- Installing: /home/leo/Group7LitterRobot/sapling_ws/install/sapling/share/sapling/local_setup.dsv
[1.421s] -- Installing: /home/leo/Group7LitterRobot/sapling_ws/install/sapling/share/sapling/package.dsv
[1.421s] -- Installing: /home/leo/Group7LitterRobot/sapling_ws/install/sapling/share/ament_index/resource_index/packages/sapling
[1.421s] -- Installing: /home/leo/Group7LitterRobot/sapling_ws/install/sapling/share/sapling/cmake/saplingConfig.cmake
[1.422s] -- Installing: /home/leo/Group7LitterRobot/sapling_ws/install/sapling/share/sapling/cmake/saplingConfig-version.cmake
[1.422s] -- Installing: /home/leo/Group7LitterRobot/sapling_ws/install/sapling/share/sapling/package.xml
[1.437s] Invoked command in '/home/leo/Group7LitterRobot/sapling_ws/build/sapling' returned '0': CMAKE_PREFIX_PATH=${CMAKE_PREFIX_PATH}:/home/leo/Group7LitterRobot-main/sapling_ws/install/vision_pkg:/home/leo/Group7LitterRobot-main/sapling_ws/install/vision:/home/leo/Group7LitterRobot-main/sapling_ws/install/pick_and_place_python:/home/leo/Group7LitterRobot-main/sapling_ws/install/piper:/home/leo/Group7LitterRobot-main/sapling_ws/install/navigation:/home/leo/Group7LitterRobot-main/sapling_ws/install/comms:/home/leo/Group7LitterRobot-main/sapling_ws/install/brain:/home/leo/Group7LitterRobot-main/sapling_ws/install/add_zones_pkg:/opt/ros/humble /usr/bin/cmake --install /home/leo/Group7LitterRobot/sapling_ws/build/sapling
