-- The C compiler identification is GNU 11.4.0
-- The CXX compiler identification is GNU 11.4.0
-- Detecting C compiler ABI info
-- Detecting C compiler ABI info - done
-- Check for working C compiler: /usr/bin/cc - skipped
-- Detecting C compile features
-- Detecting C compile features - done
-- Detecting CXX compiler ABI info
-- Detecting CXX compiler ABI info - done
-- Check for working CXX compiler: /usr/bin/c++ - skipped
-- Detecting CXX compile features
-- Detecting CXX compile features - done
-- Found ament_cmake: 1.3.12 (/opt/ros/humble/share/ament_cmake/cmake)
-- Found Python3: /usr/bin/python3 (found version "3.10.12") found components: Interpreter 
-- Configuring done
-- Generating done
-- Build files have been written to: /home/leo/Group7LitterRobot/sapling_ws/build/piper_humble
-- Install configuration: ""
-- Installing: /home/leo/Group7LitterRobot/sapling_ws/install/piper_humble/share/ament_index/resource_index/package_run_dependencies/piper_humble
-- Installing: /home/leo/Group7LitterRobot/sapling_ws/install/piper_humble/share/ament_index/resource_index/parent_prefix_path/piper_humble
-- Installing: /home/leo/Group7LitterRobot/sapling_ws/install/piper_humble/share/piper_humble/environment/ament_prefix_path.sh
-- Installing: /home/leo/Group7LitterRobot/sapling_ws/install/piper_humble/share/piper_humble/environment/ament_prefix_path.dsv
-- Installing: /home/leo/Group7LitterRobot/sapling_ws/install/piper_humble/share/piper_humble/environment/path.sh
-- Installing: /home/leo/Group7LitterRobot/sapling_ws/install/piper_humble/share/piper_humble/environment/path.dsv
-- Installing: /home/leo/Group7LitterRobot/sapling_ws/install/piper_humble/share/piper_humble/local_setup.bash
-- Installing: /home/leo/Group7LitterRobot/sapling_ws/install/piper_humble/share/piper_humble/local_setup.sh
-- Installing: /home/leo/Group7LitterRobot/sapling_ws/install/piper_humble/share/piper_humble/local_setup.zsh
-- Installing: /home/leo/Group7LitterRobot/sapling_ws/install/piper_humble/share/piper_humble/local_setup.dsv
-- Installing: /home/leo/Group7LitterRobot/sapling_ws/install/piper_humble/share/piper_humble/package.dsv
-- Installing: /home/leo/Group7LitterRobot/sapling_ws/install/piper_humble/share/ament_index/resource_index/packages/piper_humble
-- Installing: /home/leo/Group7LitterRobot/sapling_ws/install/piper_humble/share/piper_humble/cmake/piper_humbleConfig.cmake
-- Installing: /home/leo/Group7LitterRobot/sapling_ws/install/piper_humble/share/piper_humble/cmake/piper_humbleConfig-version.cmake
-- Installing: /home/leo/Group7LitterRobot/sapling_ws/install/piper_humble/share/piper_humble/package.xml
