[0.009s] Invoking command in '/home/leo/Group7LitterRobot/sapling_ws/build/piper_humble': CMAKE_PREFIX_PATH=${CMAKE_PREFIX_PATH}:/home/leo/Group7LitterRobot-main/sapling_ws/install/vision_pkg:/home/leo/Group7LitterRobot-main/sapling_ws/install/vision:/home/leo/Group7LitterRobot-main/sapling_ws/install/pick_and_place_python:/home/leo/Group7LitterRobot-main/sapling_ws/install/piper:/home/leo/Group7LitterRobot-main/sapling_ws/install/navigation:/home/leo/Group7LitterRobot-main/sapling_ws/install/comms:/home/leo/Group7LitterRobot-main/sapling_ws/install/brain:/home/leo/Group7LitterRobot-main/sapling_ws/install/add_zones_pkg:/opt/ros/humble /usr/bin/cmake /home/leo/Group7LitterRobot/sapling_ws/src/domains/arm/piper_humble -DCMAKE_INSTALL_PREFIX=/home/leo/Group7LitterRobot/sapling_ws/install/piper_humble
[0.111s] -- The C compiler identification is GNU 11.4.0
[0.212s] -- The CXX compiler identification is GNU 11.4.0
[0.225s] -- Detecting C compiler ABI info
[0.354s] -- Detecting C compiler ABI info - done
[0.367s] -- Check for working C compiler: /usr/bin/cc - skipped
[0.369s] -- Detecting C compile features
[0.369s] -- Detecting C compile features - done
[0.374s] -- Detecting CXX compiler ABI info
[0.543s] -- Detecting CXX compiler ABI info - done
[0.565s] -- Check for working CXX compiler: /usr/bin/c++ - skipped
[0.567s] -- Detecting CXX compile features
[0.568s] -- Detecting CXX compile features - done
[0.571s] -- Found ament_cmake: 1.3.12 (/opt/ros/humble/share/ament_cmake/cmake)
[0.937s] -- Found Python3: /usr/bin/python3 (found version "3.10.12") found components: Interpreter 
[1.282s] -- Configuring done
[1.286s] -- Generating done
[1.288s] -- Build files have been written to: /home/leo/Group7LitterRobot/sapling_ws/build/piper_humble
[1.338s] Invoked command in '/home/leo/Group7LitterRobot/sapling_ws/build/piper_humble' returned '0': CMAKE_PREFIX_PATH=${CMAKE_PREFIX_PATH}:/home/leo/Group7LitterRobot-main/sapling_ws/install/vision_pkg:/home/leo/Group7LitterRobot-main/sapling_ws/install/vision:/home/leo/Group7LitterRobot-main/sapling_ws/install/pick_and_place_python:/home/leo/Group7LitterRobot-main/sapling_ws/install/piper:/home/leo/Group7LitterRobot-main/sapling_ws/install/navigation:/home/leo/Group7LitterRobot-main/sapling_ws/install/comms:/home/leo/Group7LitterRobot-main/sapling_ws/install/brain:/home/leo/Group7LitterRobot-main/sapling_ws/install/add_zones_pkg:/opt/ros/humble /usr/bin/cmake /home/leo/Group7LitterRobot/sapling_ws/src/domains/arm/piper_humble -DCMAKE_INSTALL_PREFIX=/home/leo/Group7LitterRobot/sapling_ws/install/piper_humble
[1.340s] Invoking command in '/home/leo/Group7LitterRobot/sapling_ws/build/piper_humble': CMAKE_PREFIX_PATH=${CMAKE_PREFIX_PATH}:/home/leo/Group7LitterRobot-main/sapling_ws/install/vision_pkg:/home/leo/Group7LitterRobot-main/sapling_ws/install/vision:/home/leo/Group7LitterRobot-main/sapling_ws/install/pick_and_place_python:/home/leo/Group7LitterRobot-main/sapling_ws/install/piper:/home/leo/Group7LitterRobot-main/sapling_ws/install/navigation:/home/leo/Group7LitterRobot-main/sapling_ws/install/comms:/home/leo/Group7LitterRobot-main/sapling_ws/install/brain:/home/leo/Group7LitterRobot-main/sapling_ws/install/add_zones_pkg:/opt/ros/humble /usr/bin/cmake --build /home/leo/Group7LitterRobot/sapling_ws/build/piper_humble -- -j8 -l8
[2.382s] Invoked command in '/home/leo/Group7LitterRobot/sapling_ws/build/piper_humble' returned '0': CMAKE_PREFIX_PATH=${CMAKE_PREFIX_PATH}:/home/leo/Group7LitterRobot-main/sapling_ws/install/vision_pkg:/home/leo/Group7LitterRobot-main/sapling_ws/install/vision:/home/leo/Group7LitterRobot-main/sapling_ws/install/pick_and_place_python:/home/leo/Group7LitterRobot-main/sapling_ws/install/piper:/home/leo/Group7LitterRobot-main/sapling_ws/install/navigation:/home/leo/Group7LitterRobot-main/sapling_ws/install/comms:/home/leo/Group7LitterRobot-main/sapling_ws/install/brain:/home/leo/Group7LitterRobot-main/sapling_ws/install/add_zones_pkg:/opt/ros/humble /usr/bin/cmake --build /home/leo/Group7LitterRobot/sapling_ws/build/piper_humble -- -j8 -l8
[2.386s] Invoking command in '/home/leo/Group7LitterRobot/sapling_ws/build/piper_humble': CMAKE_PREFIX_PATH=${CMAKE_PREFIX_PATH}:/home/leo/Group7LitterRobot-main/sapling_ws/install/vision_pkg:/home/leo/Group7LitterRobot-main/sapling_ws/install/vision:/home/leo/Group7LitterRobot-main/sapling_ws/install/pick_and_place_python:/home/leo/Group7LitterRobot-main/sapling_ws/install/piper:/home/leo/Group7LitterRobot-main/sapling_ws/install/navigation:/home/leo/Group7LitterRobot-main/sapling_ws/install/comms:/home/leo/Group7LitterRobot-main/sapling_ws/install/brain:/home/leo/Group7LitterRobot-main/sapling_ws/install/add_zones_pkg:/opt/ros/humble /usr/bin/cmake --install /home/leo/Group7LitterRobot/sapling_ws/build/piper_humble
[2.405s] -- Install configuration: ""
[2.405s] -- Installing: /home/leo/Group7LitterRobot/sapling_ws/install/piper_humble/share/ament_index/resource_index/package_run_dependencies/piper_humble
[2.405s] -- Installing: /home/leo/Group7LitterRobot/sapling_ws/install/piper_humble/share/ament_index/resource_index/parent_prefix_path/piper_humble
[2.405s] -- Installing: /home/leo/Group7LitterRobot/sapling_ws/install/piper_humble/share/piper_humble/environment/ament_prefix_path.sh
[2.406s] -- Installing: /home/leo/Group7LitterRobot/sapling_ws/install/piper_humble/share/piper_humble/environment/ament_prefix_path.dsv
[2.406s] -- Installing: /home/leo/Group7LitterRobot/sapling_ws/install/piper_humble/share/piper_humble/environment/path.sh
[2.406s] -- Installing: /home/leo/Group7LitterRobot/sapling_ws/install/piper_humble/share/piper_humble/environment/path.dsv
[2.406s] -- Installing: /home/leo/Group7LitterRobot/sapling_ws/install/piper_humble/share/piper_humble/local_setup.bash
[2.406s] -- Installing: /home/leo/Group7LitterRobot/sapling_ws/install/piper_humble/share/piper_humble/local_setup.sh
[2.406s] -- Installing: /home/leo/Group7LitterRobot/sapling_ws/install/piper_humble/share/piper_humble/local_setup.zsh
[2.406s] -- Installing: /home/leo/Group7LitterRobot/sapling_ws/install/piper_humble/share/piper_humble/local_setup.dsv
[2.406s] -- Installing: /home/leo/Group7LitterRobot/sapling_ws/install/piper_humble/share/piper_humble/package.dsv
[2.407s] -- Installing: /home/leo/Group7LitterRobot/sapling_ws/install/piper_humble/share/ament_index/resource_index/packages/piper_humble
[2.407s] -- Installing: /home/leo/Group7LitterRobot/sapling_ws/install/piper_humble/share/piper_humble/cmake/piper_humbleConfig.cmake
[2.407s] -- Installing: /home/leo/Group7LitterRobot/sapling_ws/install/piper_humble/share/piper_humble/cmake/piper_humbleConfig-version.cmake
[2.407s] -- Installing: /home/leo/Group7LitterRobot/sapling_ws/install/piper_humble/share/piper_humble/package.xml
[2.423s] Invoked command in '/home/leo/Group7LitterRobot/sapling_ws/build/piper_humble' returned '0': CMAKE_PREFIX_PATH=${CMAKE_PREFIX_PATH}:/home/leo/Group7LitterRobot-main/sapling_ws/install/vision_pkg:/home/leo/Group7LitterRobot-main/sapling_ws/install/vision:/home/leo/Group7LitterRobot-main/sapling_ws/install/pick_and_place_python:/home/leo/Group7LitterRobot-main/sapling_ws/install/piper:/home/leo/Group7LitterRobot-main/sapling_ws/install/navigation:/home/leo/Group7LitterRobot-main/sapling_ws/install/comms:/home/leo/Group7LitterRobot-main/sapling_ws/install/brain:/home/leo/Group7LitterRobot-main/sapling_ws/install/add_zones_pkg:/opt/ros/humble /usr/bin/cmake --install /home/leo/Group7LitterRobot/sapling_ws/build/piper_humble
