[2.571s] Invoking command in '/home/leo/Group7LitterRobot/sapling_ws/src/domains/arm/piper_moveit/add_zones_pkg': PYTHONPATH=/home/leo/Group7LitterRobot/sapling_ws/build/add_zones_pkg/prefix_override:/usr/lib/python3/dist-packages/colcon_core/task/python/colcon_distutils_commands:/home/leo/Group7LitterRobot/sapling_ws/install/add_zones_pkg/lib/python3.10/site-packages:${PYTHONPATH} /usr/bin/python3 -W ignore:setup.py install is deprecated -W ignore:easy_install command is deprecated setup.py egg_info --egg-base ../../../../../build/add_zones_pkg build --build-base /home/leo/Group7LitterRobot/sapling_ws/build/add_zones_pkg/build install --record /home/leo/Group7LitterRobot/sapling_ws/build/add_zones_pkg/install.log --single-version-externally-managed install_data
[3.049s] running egg_info
[3.051s] creating ../../../../../build/add_zones_pkg/add_zones_pkg.egg-info
[3.056s] writing ../../../../../build/add_zones_pkg/add_zones_pkg.egg-info/PKG-INFO
[3.060s] writing dependency_links to ../../../../../build/add_zones_pkg/add_zones_pkg.egg-info/dependency_links.txt
[3.062s] writing entry points to ../../../../../build/add_zones_pkg/add_zones_pkg.egg-info/entry_points.txt
[3.062s] writing requirements to ../../../../../build/add_zones_pkg/add_zones_pkg.egg-info/requires.txt
[3.062s] writing top-level names to ../../../../../build/add_zones_pkg/add_zones_pkg.egg-info/top_level.txt
[3.062s] writing manifest file '../../../../../build/add_zones_pkg/add_zones_pkg.egg-info/SOURCES.txt'
[3.067s] reading manifest file '../../../../../build/add_zones_pkg/add_zones_pkg.egg-info/SOURCES.txt'
[3.068s] writing manifest file '../../../../../build/add_zones_pkg/add_zones_pkg.egg-info/SOURCES.txt'
[3.068s] running build
[3.068s] running build_py
[3.069s] creating /home/leo/Group7LitterRobot/sapling_ws/build/add_zones_pkg/build
[3.069s] creating /home/leo/Group7LitterRobot/sapling_ws/build/add_zones_pkg/build/lib
[3.069s] creating /home/leo/Group7LitterRobot/sapling_ws/build/add_zones_pkg/build/lib/add_zones_pkg
[3.069s] copying add_zones_pkg/send_goal_node.py -> /home/leo/Group7LitterRobot/sapling_ws/build/add_zones_pkg/build/lib/add_zones_pkg
[3.070s] copying add_zones_pkg/__init__.py -> /home/leo/Group7LitterRobot/sapling_ws/build/add_zones_pkg/build/lib/add_zones_pkg
[3.070s] copying add_zones_pkg/add_zones_node.py -> /home/leo/Group7LitterRobot/sapling_ws/build/add_zones_pkg/build/lib/add_zones_pkg
[3.071s] running install
[3.071s] running install_lib
[3.071s] creating /home/leo/Group7LitterRobot/sapling_ws/install/add_zones_pkg/lib/python3.10/site-packages/add_zones_pkg
[3.071s] copying /home/leo/Group7LitterRobot/sapling_ws/build/add_zones_pkg/build/lib/add_zones_pkg/send_goal_node.py -> /home/leo/Group7LitterRobot/sapling_ws/install/add_zones_pkg/lib/python3.10/site-packages/add_zones_pkg
[3.071s] copying /home/leo/Group7LitterRobot/sapling_ws/build/add_zones_pkg/build/lib/add_zones_pkg/__init__.py -> /home/leo/Group7LitterRobot/sapling_ws/install/add_zones_pkg/lib/python3.10/site-packages/add_zones_pkg
[3.071s] copying /home/leo/Group7LitterRobot/sapling_ws/build/add_zones_pkg/build/lib/add_zones_pkg/add_zones_node.py -> /home/leo/Group7LitterRobot/sapling_ws/install/add_zones_pkg/lib/python3.10/site-packages/add_zones_pkg
[3.071s] byte-compiling /home/leo/Group7LitterRobot/sapling_ws/install/add_zones_pkg/lib/python3.10/site-packages/add_zones_pkg/send_goal_node.py to send_goal_node.cpython-310.pyc
[3.071s] byte-compiling /home/leo/Group7LitterRobot/sapling_ws/install/add_zones_pkg/lib/python3.10/site-packages/add_zones_pkg/__init__.py to __init__.cpython-310.pyc
[3.071s] byte-compiling /home/leo/Group7LitterRobot/sapling_ws/install/add_zones_pkg/lib/python3.10/site-packages/add_zones_pkg/add_zones_node.py to add_zones_node.cpython-310.pyc
[3.072s] running install_data
[3.072s] creating /home/leo/Group7LitterRobot/sapling_ws/install/add_zones_pkg/share/ament_index
[3.072s] creating /home/leo/Group7LitterRobot/sapling_ws/install/add_zones_pkg/share/ament_index/resource_index
[3.072s] creating /home/leo/Group7LitterRobot/sapling_ws/install/add_zones_pkg/share/ament_index/resource_index/packages
[3.072s] copying resource/add_zones_pkg -> /home/leo/Group7LitterRobot/sapling_ws/install/add_zones_pkg/share/ament_index/resource_index/packages
[3.072s] copying package.xml -> /home/leo/Group7LitterRobot/sapling_ws/install/add_zones_pkg/share/add_zones_pkg
[3.072s] running install_egg_info
[3.076s] Copying ../../../../../build/add_zones_pkg/add_zones_pkg.egg-info to /home/leo/Group7LitterRobot/sapling_ws/install/add_zones_pkg/lib/python3.10/site-packages/add_zones_pkg-0.0.0-py3.10.egg-info
[3.078s] running install_scripts
[3.119s] Installing add_zones_node script to /home/leo/Group7LitterRobot/sapling_ws/install/add_zones_pkg/lib/add_zones_pkg
[3.119s] Installing send_goal_node script to /home/leo/Group7LitterRobot/sapling_ws/install/add_zones_pkg/lib/add_zones_pkg
[3.120s] writing list of installed files to '/home/leo/Group7LitterRobot/sapling_ws/build/add_zones_pkg/install.log'
[3.240s] Invoked command in '/home/leo/Group7LitterRobot/sapling_ws/src/domains/arm/piper_moveit/add_zones_pkg' returned '0': PYTHONPATH=/home/leo/Group7LitterRobot/sapling_ws/build/add_zones_pkg/prefix_override:/usr/lib/python3/dist-packages/colcon_core/task/python/colcon_distutils_commands:/home/leo/Group7LitterRobot/sapling_ws/install/add_zones_pkg/lib/python3.10/site-packages:${PYTHONPATH} /usr/bin/python3 -W ignore:setup.py install is deprecated -W ignore:easy_install command is deprecated setup.py egg_info --egg-base ../../../../../build/add_zones_pkg build --build-base /home/leo/Group7LitterRobot/sapling_ws/build/add_zones_pkg/build install --record /home/leo/Group7LitterRobot/sapling_ws/build/add_zones_pkg/install.log --single-version-externally-managed install_data
