[2.492s] Invoking command in '/home/leo/Group7LitterRobot/sapling_ws/src/domains/arm/piper': PYTHONPATH=/home/leo/Group7LitterRobot/sapling_ws/build/piper/prefix_override:/usr/lib/python3/dist-packages/colcon_core/task/python/colcon_distutils_commands:/home/leo/Group7LitterRobot/sapling_ws/install/piper/lib/python3.10/site-packages:${PYTHONPATH} /usr/bin/python3 -W ignore:setup.py install is deprecated -W ignore:easy_install command is deprecated setup.py egg_info --egg-base ../../../../build/piper build --build-base /home/leo/Group7LitterRobot/sapling_ws/build/piper/build install --record /home/leo/Group7LitterRobot/sapling_ws/build/piper/install.log --single-version-externally-managed install_data
[3.004s] running egg_info
[3.005s] creating ../../../../build/piper/piper.egg-info
[3.005s] writing ../../../../build/piper/piper.egg-info/PKG-INFO
[3.008s] writing dependency_links to ../../../../build/piper/piper.egg-info/dependency_links.txt
[3.009s] writing entry points to ../../../../build/piper/piper.egg-info/entry_points.txt
[3.009s] writing requirements to ../../../../build/piper/piper.egg-info/requires.txt
[3.009s] writing top-level names to ../../../../build/piper/piper.egg-info/top_level.txt
[3.009s] writing manifest file '../../../../build/piper/piper.egg-info/SOURCES.txt'
[3.009s] reading manifest file '../../../../build/piper/piper.egg-info/SOURCES.txt'
[3.009s] adding license file 'LICENSE'
[3.009s] writing manifest file '../../../../build/piper/piper.egg-info/SOURCES.txt'
[3.010s] running build
[3.010s] running build_py
[3.010s] creating /home/leo/Group7LitterRobot/sapling_ws/build/piper/build
[3.010s] creating /home/leo/Group7LitterRobot/sapling_ws/build/piper/build/lib
[3.010s] creating /home/leo/Group7LitterRobot/sapling_ws/build/piper/build/lib/piper
[3.010s] copying piper/piper_read_slave_joint.py -> /home/leo/Group7LitterRobot/sapling_ws/build/piper/build/lib/piper
[3.010s] copying piper/__init__.py -> /home/leo/Group7LitterRobot/sapling_ws/build/piper/build/lib/piper
[3.011s] copying piper/piper_ctrl_single_node_new.py -> /home/leo/Group7LitterRobot/sapling_ws/build/piper/build/lib/piper
[3.011s] copying piper/piper_ctrl_single_node.py -> /home/leo/Group7LitterRobot/sapling_ws/build/piper/build/lib/piper
[3.011s] running install
[3.014s] running install_lib
[3.014s] creating /home/leo/Group7LitterRobot/sapling_ws/install/piper/lib/python3.10/site-packages/piper
[3.015s] copying /home/leo/Group7LitterRobot/sapling_ws/build/piper/build/lib/piper/piper_read_slave_joint.py -> /home/leo/Group7LitterRobot/sapling_ws/install/piper/lib/python3.10/site-packages/piper
[3.015s] copying /home/leo/Group7LitterRobot/sapling_ws/build/piper/build/lib/piper/__init__.py -> /home/leo/Group7LitterRobot/sapling_ws/install/piper/lib/python3.10/site-packages/piper
[3.015s] copying /home/leo/Group7LitterRobot/sapling_ws/build/piper/build/lib/piper/piper_ctrl_single_node_new.py -> /home/leo/Group7LitterRobot/sapling_ws/install/piper/lib/python3.10/site-packages/piper
[3.015s] copying /home/leo/Group7LitterRobot/sapling_ws/build/piper/build/lib/piper/piper_ctrl_single_node.py -> /home/leo/Group7LitterRobot/sapling_ws/install/piper/lib/python3.10/site-packages/piper
[3.015s] byte-compiling /home/leo/Group7LitterRobot/sapling_ws/install/piper/lib/python3.10/site-packages/piper/piper_read_slave_joint.py to piper_read_slave_joint.cpython-310.pyc
[3.017s] byte-compiling /home/leo/Group7LitterRobot/sapling_ws/install/piper/lib/python3.10/site-packages/piper/__init__.py to __init__.cpython-310.pyc
[3.018s] byte-compiling /home/leo/Group7LitterRobot/sapling_ws/install/piper/lib/python3.10/site-packages/piper/piper_ctrl_single_node_new.py to piper_ctrl_single_node_new.cpython-310.pyc
[3.020s] byte-compiling /home/leo/Group7LitterRobot/sapling_ws/install/piper/lib/python3.10/site-packages/piper/piper_ctrl_single_node.py to piper_ctrl_single_node.cpython-310.pyc
[3.025s] running install_data
[3.025s] creating /home/leo/Group7LitterRobot/sapling_ws/install/piper/share/ament_index
[3.028s] creating /home/leo/Group7LitterRobot/sapling_ws/install/piper/share/ament_index/resource_index
[3.029s] creating /home/leo/Group7LitterRobot/sapling_ws/install/piper/share/ament_index/resource_index/packages
[3.029s] copying resource/piper -> /home/leo/Group7LitterRobot/sapling_ws/install/piper/share/ament_index/resource_index/packages
[3.031s] copying package.xml -> /home/leo/Group7LitterRobot/sapling_ws/install/piper/share/piper
[3.035s] creating /home/leo/Group7LitterRobot/sapling_ws/install/piper/share/piper/launch
[3.035s] copying launch/start_single_piper.launch.py -> /home/leo/Group7LitterRobot/sapling_ws/install/piper/share/piper/launch
[3.035s] copying launch/start_single_piper_rviz.launch.py -> /home/leo/Group7LitterRobot/sapling_ws/install/piper/share/piper/launch
[3.036s] copying launch/start_two_piper.launch.py -> /home/leo/Group7LitterRobot/sapling_ws/install/piper/share/piper/launch
[3.036s] copying launch/start_old.py -> /home/leo/Group7LitterRobot/sapling_ws/install/piper/share/piper/launch
[3.036s] running install_egg_info
[3.041s] Copying ../../../../build/piper/piper.egg-info to /home/leo/Group7LitterRobot/sapling_ws/install/piper/lib/python3.10/site-packages/piper-0.0.0-py3.10.egg-info
[3.043s] running install_scripts
[3.071s] Installing piper_read_slave_joint script to /home/leo/Group7LitterRobot/sapling_ws/install/piper/lib/piper
[3.071s] Installing piper_single_ctrl script to /home/leo/Group7LitterRobot/sapling_ws/install/piper/lib/piper
[3.072s] writing list of installed files to '/home/leo/Group7LitterRobot/sapling_ws/build/piper/install.log'
[3.187s] Invoked command in '/home/leo/Group7LitterRobot/sapling_ws/src/domains/arm/piper' returned '0': PYTHONPATH=/home/leo/Group7LitterRobot/sapling_ws/build/piper/prefix_override:/usr/lib/python3/dist-packages/colcon_core/task/python/colcon_distutils_commands:/home/leo/Group7LitterRobot/sapling_ws/install/piper/lib/python3.10/site-packages:${PYTHONPATH} /usr/bin/python3 -W ignore:setup.py install is deprecated -W ignore:easy_install command is deprecated setup.py egg_info --egg-base ../../../../build/piper build --build-base /home/leo/Group7LitterRobot/sapling_ws/build/piper/build install --record /home/leo/Group7LitterRobot/sapling_ws/build/piper/install.log --single-version-externally-managed install_data
