[0.523s] Invoking command in '/home/leo/Group7LitterRobot/sapling_ws/build/piper_no_gripper_moveit': AMENT_PREFIX_PATH=/home/leo/Group7LitterRobot/sapling_ws/install/piper_description:${AMENT_PREFIX_PATH} CMAKE_PREFIX_PATH=/home/leo/Group7LitterRobot/sapling_ws/install/piper_description:/home/leo/Group7LitterRobot-main/sapling_ws/install/sapling_description:/home/leo/Group7LitterRobot-main/sapling_ws/install/sapling:/home/leo/Group7LitterRobot-main/sapling_ws/install/piper_with_gripper_moveit:/home/leo/Group7LitterRobot-main/sapling_ws/install/piper_no_gripper_moveit:/home/leo/Group7LitterRobot-main/sapling_ws/install/piper_mujoco:/home/leo/Group7LitterRobot-main/sapling_ws/install/pick_and_place_pkg:/home/leo/Group7LitterRobot-main/sapling_ws/install/piper_msgs:/home/leo/Group7LitterRobot-main/sapling_ws/install/piper_humble:/home/leo/Group7LitterRobot-main/sapling_ws/install/piper_gazebo:/home/leo/Group7LitterRobot-main/sapling_ws/install/piper_description:/home/leo/Group7LitterRobot-main/sapling_ws/install/vision_pkg:/home/leo/Group7LitterRobot-main/sapling_ws/install/vision:/home/leo/Group7LitterRobot-main/sapling_ws/install/pick_and_place_python:/home/leo/Group7LitterRobot-main/sapling_ws/install/piper:/home/leo/Group7LitterRobot-main/sapling_ws/install/navigation:/home/leo/Group7LitterRobot-main/sapling_ws/install/comms:/home/leo/Group7LitterRobot-main/sapling_ws/install/brain:/home/leo/Group7LitterRobot-main/sapling_ws/install/add_zones_pkg:/opt/ros/humble /usr/bin/cmake /home/leo/Group7LitterRobot/sapling_ws/src/domains/arm/piper_moveit/piper_no_gripper_moveit -DCMAKE_INSTALL_PREFIX=/home/leo/Group7LitterRobot/sapling_ws/install/piper_no_gripper_moveit
[0.711s] -- The C compiler identification is GNU 11.4.0
[0.876s] -- The CXX compiler identification is GNU 11.4.0
[0.894s] -- Detecting C compiler ABI info
[1.075s] -- Detecting C compiler ABI info - done
[1.106s] -- Check for working C compiler: /usr/bin/cc - skipped
[1.107s] -- Detecting C compile features
[1.108s] -- Detecting C compile features - done
[1.122s] -- Detecting CXX compiler ABI info
[1.382s] -- Detecting CXX compiler ABI info - done
[1.420s] -- Check for working CXX compiler: /usr/bin/c++ - skipped
[1.420s] -- Detecting CXX compile features
[1.420s] -- Detecting CXX compile features - done
[1.425s] -- Found ament_cmake: 1.3.12 (/opt/ros/humble/share/ament_cmake/cmake)
[1.891s] -- Found Python3: /usr/bin/python3 (found version "3.10.12") found components: Interpreter 
[2.280s] -- Configuring done
[2.285s] -- Generating done
[2.289s] -- Build files have been written to: /home/leo/Group7LitterRobot/sapling_ws/build/piper_no_gripper_moveit
[2.303s] Invoked command in '/home/leo/Group7LitterRobot/sapling_ws/build/piper_no_gripper_moveit' returned '0': AMENT_PREFIX_PATH=/home/leo/Group7LitterRobot/sapling_ws/install/piper_description:${AMENT_PREFIX_PATH} CMAKE_PREFIX_PATH=/home/leo/Group7LitterRobot/sapling_ws/install/piper_description:/home/leo/Group7LitterRobot-main/sapling_ws/install/sapling_description:/home/leo/Group7LitterRobot-main/sapling_ws/install/sapling:/home/leo/Group7LitterRobot-main/sapling_ws/install/piper_with_gripper_moveit:/home/leo/Group7LitterRobot-main/sapling_ws/install/piper_no_gripper_moveit:/home/leo/Group7LitterRobot-main/sapling_ws/install/piper_mujoco:/home/leo/Group7LitterRobot-main/sapling_ws/install/pick_and_place_pkg:/home/leo/Group7LitterRobot-main/sapling_ws/install/piper_msgs:/home/leo/Group7LitterRobot-main/sapling_ws/install/piper_humble:/home/leo/Group7LitterRobot-main/sapling_ws/install/piper_gazebo:/home/leo/Group7LitterRobot-main/sapling_ws/install/piper_description:/home/leo/Group7LitterRobot-main/sapling_ws/install/vision_pkg:/home/leo/Group7LitterRobot-main/sapling_ws/install/vision:/home/leo/Group7LitterRobot-main/sapling_ws/install/pick_and_place_python:/home/leo/Group7LitterRobot-main/sapling_ws/install/piper:/home/leo/Group7LitterRobot-main/sapling_ws/install/navigation:/home/leo/Group7LitterRobot-main/sapling_ws/install/comms:/home/leo/Group7LitterRobot-main/sapling_ws/install/brain:/home/leo/Group7LitterRobot-main/sapling_ws/install/add_zones_pkg:/opt/ros/humble /usr/bin/cmake /home/leo/Group7LitterRobot/sapling_ws/src/domains/arm/piper_moveit/piper_no_gripper_moveit -DCMAKE_INSTALL_PREFIX=/home/leo/Group7LitterRobot/sapling_ws/install/piper_no_gripper_moveit
[2.304s] Invoking command in '/home/leo/Group7LitterRobot/sapling_ws/build/piper_no_gripper_moveit': AMENT_PREFIX_PATH=/home/leo/Group7LitterRobot/sapling_ws/install/piper_description:${AMENT_PREFIX_PATH} CMAKE_PREFIX_PATH=/home/leo/Group7LitterRobot/sapling_ws/install/piper_description:/home/leo/Group7LitterRobot-main/sapling_ws/install/sapling_description:/home/leo/Group7LitterRobot-main/sapling_ws/install/sapling:/home/leo/Group7LitterRobot-main/sapling_ws/install/piper_with_gripper_moveit:/home/leo/Group7LitterRobot-main/sapling_ws/install/piper_no_gripper_moveit:/home/leo/Group7LitterRobot-main/sapling_ws/install/piper_mujoco:/home/leo/Group7LitterRobot-main/sapling_ws/install/pick_and_place_pkg:/home/leo/Group7LitterRobot-main/sapling_ws/install/piper_msgs:/home/leo/Group7LitterRobot-main/sapling_ws/install/piper_humble:/home/leo/Group7LitterRobot-main/sapling_ws/install/piper_gazebo:/home/leo/Group7LitterRobot-main/sapling_ws/install/piper_description:/home/leo/Group7LitterRobot-main/sapling_ws/install/vision_pkg:/home/leo/Group7LitterRobot-main/sapling_ws/install/vision:/home/leo/Group7LitterRobot-main/sapling_ws/install/pick_and_place_python:/home/leo/Group7LitterRobot-main/sapling_ws/install/piper:/home/leo/Group7LitterRobot-main/sapling_ws/install/navigation:/home/leo/Group7LitterRobot-main/sapling_ws/install/comms:/home/leo/Group7LitterRobot-main/sapling_ws/install/brain:/home/leo/Group7LitterRobot-main/sapling_ws/install/add_zones_pkg:/opt/ros/humble /usr/bin/cmake --build /home/leo/Group7LitterRobot/sapling_ws/build/piper_no_gripper_moveit -- -j8 -l8
[2.419s] Invoked command in '/home/leo/Group7LitterRobot/sapling_ws/build/piper_no_gripper_moveit' returned '0': AMENT_PREFIX_PATH=/home/leo/Group7LitterRobot/sapling_ws/install/piper_description:${AMENT_PREFIX_PATH} CMAKE_PREFIX_PATH=/home/leo/Group7LitterRobot/sapling_ws/install/piper_description:/home/leo/Group7LitterRobot-main/sapling_ws/install/sapling_description:/home/leo/Group7LitterRobot-main/sapling_ws/install/sapling:/home/leo/Group7LitterRobot-main/sapling_ws/install/piper_with_gripper_moveit:/home/leo/Group7LitterRobot-main/sapling_ws/install/piper_no_gripper_moveit:/home/leo/Group7LitterRobot-main/sapling_ws/install/piper_mujoco:/home/leo/Group7LitterRobot-main/sapling_ws/install/pick_and_place_pkg:/home/leo/Group7LitterRobot-main/sapling_ws/install/piper_msgs:/home/leo/Group7LitterRobot-main/sapling_ws/install/piper_humble:/home/leo/Group7LitterRobot-main/sapling_ws/install/piper_gazebo:/home/leo/Group7LitterRobot-main/sapling_ws/install/piper_description:/home/leo/Group7LitterRobot-main/sapling_ws/install/vision_pkg:/home/leo/Group7LitterRobot-main/sapling_ws/install/vision:/home/leo/Group7LitterRobot-main/sapling_ws/install/pick_and_place_python:/home/leo/Group7LitterRobot-main/sapling_ws/install/piper:/home/leo/Group7LitterRobot-main/sapling_ws/install/navigation:/home/leo/Group7LitterRobot-main/sapling_ws/install/comms:/home/leo/Group7LitterRobot-main/sapling_ws/install/brain:/home/leo/Group7LitterRobot-main/sapling_ws/install/add_zones_pkg:/opt/ros/humble /usr/bin/cmake --build /home/leo/Group7LitterRobot/sapling_ws/build/piper_no_gripper_moveit -- -j8 -l8
[2.420s] Invoking command in '/home/leo/Group7LitterRobot/sapling_ws/build/piper_no_gripper_moveit': AMENT_PREFIX_PATH=/home/leo/Group7LitterRobot/sapling_ws/install/piper_description:${AMENT_PREFIX_PATH} CMAKE_PREFIX_PATH=/home/leo/Group7LitterRobot/sapling_ws/install/piper_description:/home/leo/Group7LitterRobot-main/sapling_ws/install/sapling_description:/home/leo/Group7LitterRobot-main/sapling_ws/install/sapling:/home/leo/Group7LitterRobot-main/sapling_ws/install/piper_with_gripper_moveit:/home/leo/Group7LitterRobot-main/sapling_ws/install/piper_no_gripper_moveit:/home/leo/Group7LitterRobot-main/sapling_ws/install/piper_mujoco:/home/leo/Group7LitterRobot-main/sapling_ws/install/pick_and_place_pkg:/home/leo/Group7LitterRobot-main/sapling_ws/install/piper_msgs:/home/leo/Group7LitterRobot-main/sapling_ws/install/piper_humble:/home/leo/Group7LitterRobot-main/sapling_ws/install/piper_gazebo:/home/leo/Group7LitterRobot-main/sapling_ws/install/piper_description:/home/leo/Group7LitterRobot-main/sapling_ws/install/vision_pkg:/home/leo/Group7LitterRobot-main/sapling_ws/install/vision:/home/leo/Group7LitterRobot-main/sapling_ws/install/pick_and_place_python:/home/leo/Group7LitterRobot-main/sapling_ws/install/piper:/home/leo/Group7LitterRobot-main/sapling_ws/install/navigation:/home/leo/Group7LitterRobot-main/sapling_ws/install/comms:/home/leo/Group7LitterRobot-main/sapling_ws/install/brain:/home/leo/Group7LitterRobot-main/sapling_ws/install/add_zones_pkg:/opt/ros/humble /usr/bin/cmake --install /home/leo/Group7LitterRobot/sapling_ws/build/piper_no_gripper_moveit
[2.433s] -- Install configuration: ""
[2.433s] -- Installing: /home/leo/Group7LitterRobot/sapling_ws/install/piper_no_gripper_moveit/share/ament_index/resource_index/package_run_dependencies/piper_no_gripper_moveit
[2.437s] -- Installing: /home/leo/Group7LitterRobot/sapling_ws/install/piper_no_gripper_moveit/share/ament_index/resource_index/parent_prefix_path/piper_no_gripper_moveit
[2.437s] -- Installing: /home/leo/Group7LitterRobot/sapling_ws/install/piper_no_gripper_moveit/share/piper_no_gripper_moveit/environment/ament_prefix_path.sh
[2.437s] -- Installing: /home/leo/Group7LitterRobot/sapling_ws/install/piper_no_gripper_moveit/share/piper_no_gripper_moveit/environment/ament_prefix_path.dsv
[2.437s] -- Installing: /home/leo/Group7LitterRobot/sapling_ws/install/piper_no_gripper_moveit/share/piper_no_gripper_moveit/environment/path.sh
[2.437s] -- Installing: /home/leo/Group7LitterRobot/sapling_ws/install/piper_no_gripper_moveit/share/piper_no_gripper_moveit/environment/path.dsv
[2.438s] -- Installing: /home/leo/Group7LitterRobot/sapling_ws/install/piper_no_gripper_moveit/share/piper_no_gripper_moveit/local_setup.bash
[2.438s] -- Installing: /home/leo/Group7LitterRobot/sapling_ws/install/piper_no_gripper_moveit/share/piper_no_gripper_moveit/local_setup.sh
[2.438s] -- Installing: /home/leo/Group7LitterRobot/sapling_ws/install/piper_no_gripper_moveit/share/piper_no_gripper_moveit/local_setup.zsh
[2.440s] -- Installing: /home/leo/Group7LitterRobot/sapling_ws/install/piper_no_gripper_moveit/share/piper_no_gripper_moveit/local_setup.dsv
[2.440s] -- Installing: /home/leo/Group7LitterRobot/sapling_ws/install/piper_no_gripper_moveit/share/piper_no_gripper_moveit/package.dsv
[2.441s] -- Installing: /home/leo/Group7LitterRobot/sapling_ws/install/piper_no_gripper_moveit/share/ament_index/resource_index/packages/piper_no_gripper_moveit
[2.442s] -- Installing: /home/leo/Group7LitterRobot/sapling_ws/install/piper_no_gripper_moveit/share/piper_no_gripper_moveit/cmake/piper_no_gripper_moveitConfig.cmake
[2.443s] -- Installing: /home/leo/Group7LitterRobot/sapling_ws/install/piper_no_gripper_moveit/share/piper_no_gripper_moveit/cmake/piper_no_gripper_moveitConfig-version.cmake
[2.443s] -- Installing: /home/leo/Group7LitterRobot/sapling_ws/install/piper_no_gripper_moveit/share/piper_no_gripper_moveit/package.xml
[2.446s] -- Installing: /home/leo/Group7LitterRobot/sapling_ws/install/piper_no_gripper_moveit/share/piper_no_gripper_moveit/launch
[2.446s] -- Installing: /home/leo/Group7LitterRobot/sapling_ws/install/piper_no_gripper_moveit/share/piper_no_gripper_moveit/launch/static_virtual_joint_tfs.launch.py
[2.446s] -- Installing: /home/leo/Group7LitterRobot/sapling_ws/install/piper_no_gripper_moveit/share/piper_no_gripper_moveit/launch/move_group.launch.py
[2.446s] -- Installing: /home/leo/Group7LitterRobot/sapling_ws/install/piper_no_gripper_moveit/share/piper_no_gripper_moveit/launch/spawn_controllers.launch.py
[2.447s] -- Installing: /home/leo/Group7LitterRobot/sapling_ws/install/piper_no_gripper_moveit/share/piper_no_gripper_moveit/launch/demo.launch.py
[2.448s] -- Installing: /home/leo/Group7LitterRobot/sapling_ws/install/piper_no_gripper_moveit/share/piper_no_gripper_moveit/launch/rsp.launch.py
[2.449s] -- Installing: /home/leo/Group7LitterRobot/sapling_ws/install/piper_no_gripper_moveit/share/piper_no_gripper_moveit/launch/warehouse_db.launch.py
[2.449s] -- Installing: /home/leo/Group7LitterRobot/sapling_ws/install/piper_no_gripper_moveit/share/piper_no_gripper_moveit/launch/moveit_rviz.launch.py
[2.449s] -- Installing: /home/leo/Group7LitterRobot/sapling_ws/install/piper_no_gripper_moveit/share/piper_no_gripper_moveit/launch/piper_moveit.launch.py
[2.449s] -- Installing: /home/leo/Group7LitterRobot/sapling_ws/install/piper_no_gripper_moveit/share/piper_no_gripper_moveit/launch/setup_assistant.launch.py
[2.449s] -- Installing: /home/leo/Group7LitterRobot/sapling_ws/install/piper_no_gripper_moveit/share/piper_no_gripper_moveit/config
[2.449s] -- Installing: /home/leo/Group7LitterRobot/sapling_ws/install/piper_no_gripper_moveit/share/piper_no_gripper_moveit/config/ros2_controllers.yaml
[2.449s] -- Installing: /home/leo/Group7LitterRobot/sapling_ws/install/piper_no_gripper_moveit/share/piper_no_gripper_moveit/config/joint_limits.yaml
[2.450s] -- Installing: /home/leo/Group7LitterRobot/sapling_ws/install/piper_no_gripper_moveit/share/piper_no_gripper_moveit/config/piper.srdf
[2.450s] -- Installing: /home/leo/Group7LitterRobot/sapling_ws/install/piper_no_gripper_moveit/share/piper_no_gripper_moveit/config/kinematics.yaml
[2.450s] -- Installing: /home/leo/Group7LitterRobot/sapling_ws/install/piper_no_gripper_moveit/share/piper_no_gripper_moveit/config/initial_positions.yaml
[2.450s] -- Installing: /home/leo/Group7LitterRobot/sapling_ws/install/piper_no_gripper_moveit/share/piper_no_gripper_moveit/config/piper.ros2_control.xacro
[2.450s] -- Installing: /home/leo/Group7LitterRobot/sapling_ws/install/piper_no_gripper_moveit/share/piper_no_gripper_moveit/config/piper.urdf.xacro
[2.450s] -- Installing: /home/leo/Group7LitterRobot/sapling_ws/install/piper_no_gripper_moveit/share/piper_no_gripper_moveit/config/moveit.rviz
[2.450s] -- Installing: /home/leo/Group7LitterRobot/sapling_ws/install/piper_no_gripper_moveit/share/piper_no_gripper_moveit/config/moveit_controllers.yaml
[2.452s] -- Installing: /home/leo/Group7LitterRobot/sapling_ws/install/piper_no_gripper_moveit/share/piper_no_gripper_moveit/config/pilz_cartesian_limits.yaml
[2.458s] -- Installing: /home/leo/Group7LitterRobot/sapling_ws/install/piper_no_gripper_moveit/share/piper_no_gripper_moveit/.setup_assistant
[2.466s] Invoked command in '/home/leo/Group7LitterRobot/sapling_ws/build/piper_no_gripper_moveit' returned '0': AMENT_PREFIX_PATH=/home/leo/Group7LitterRobot/sapling_ws/install/piper_description:${AMENT_PREFIX_PATH} CMAKE_PREFIX_PATH=/home/leo/Group7LitterRobot/sapling_ws/install/piper_description:/home/leo/Group7LitterRobot-main/sapling_ws/install/sapling_description:/home/leo/Group7LitterRobot-main/sapling_ws/install/sapling:/home/leo/Group7LitterRobot-main/sapling_ws/install/piper_with_gripper_moveit:/home/leo/Group7LitterRobot-main/sapling_ws/install/piper_no_gripper_moveit:/home/leo/Group7LitterRobot-main/sapling_ws/install/piper_mujoco:/home/leo/Group7LitterRobot-main/sapling_ws/install/pick_and_place_pkg:/home/leo/Group7LitterRobot-main/sapling_ws/install/piper_msgs:/home/leo/Group7LitterRobot-main/sapling_ws/install/piper_humble:/home/leo/Group7LitterRobot-main/sapling_ws/install/piper_gazebo:/home/leo/Group7LitterRobot-main/sapling_ws/install/piper_description:/home/leo/Group7LitterRobot-main/sapling_ws/install/vision_pkg:/home/leo/Group7LitterRobot-main/sapling_ws/install/vision:/home/leo/Group7LitterRobot-main/sapling_ws/install/pick_and_place_python:/home/leo/Group7LitterRobot-main/sapling_ws/install/piper:/home/leo/Group7LitterRobot-main/sapling_ws/install/navigation:/home/leo/Group7LitterRobot-main/sapling_ws/install/comms:/home/leo/Group7LitterRobot-main/sapling_ws/install/brain:/home/leo/Group7LitterRobot-main/sapling_ws/install/add_zones_pkg:/opt/ros/humble /usr/bin/cmake --install /home/leo/Group7LitterRobot/sapling_ws/build/piper_no_gripper_moveit
