[0.192s] DEBUG:colcon:Command line arguments: ['/usr/bin/colcon', 'build']
[0.193s] DEBUG:colcon:Parsed command line arguments: Namespace(log_base=None, log_level=None, verb_name='build', build_base='build', install_base='install', merge_install=False, symlink_install=False, test_result_base=None, continue_on_error=False, executor='parallel', parallel_workers=8, event_handlers=None, ignore_user_meta=False, metas=['./colcon.meta'], base_paths=['.'], packages_ignore=None, packages_ignore_regex=None, paths=None, packages_up_to=None, packages_up_to_regex=None, packages_above=None, packages_above_and_dependencies=None, packages_above_depth=None, packages_select_by_dep=None, packages_skip_by_dep=None, packages_skip_up_to=None, packages_select_build_failed=False, packages_skip_build_finished=False, packages_select_test_failures=False, packages_skip_test_passed=False, packages_select=None, packages_skip=None, packages_select_regex=None, packages_skip_regex=None, packages_start=None, packages_end=None, allow_overriding=[], cmake_args=None, cmake_target=None, cmake_target_skip_unavailable=False, cmake_clean_cache=False, cmake_clean_first=False, cmake_force_configure=False, ament_cmake_args=None, catkin_cmake_args=None, catkin_skip_building_tests=False, mixin_files=None, mixin=None, verb_parser=<colcon_mixin.mixin.mixin_argument.MixinArgumentDecorator object at 0x7dbe1c9564a0>, verb_extension=<colcon_core.verb.build.BuildVerb object at 0x7dbe1c955ae0>, main=<bound method BuildVerb.main of <colcon_core.verb.build.BuildVerb object at 0x7dbe1c955ae0>>, mixin_verb=('build',))
[0.485s] Level 1:colcon.colcon_core.package_discovery:discover_packages(colcon_meta) check parameters
[0.485s] Level 1:colcon.colcon_core.package_discovery:discover_packages(recursive) check parameters
[0.485s] Level 1:colcon.colcon_core.package_discovery:discover_packages(ignore) check parameters
[0.485s] Level 1:colcon.colcon_core.package_discovery:discover_packages(path) check parameters
[0.485s] Level 1:colcon.colcon_core.package_discovery:discover_packages(colcon_meta) discover
[0.485s] Level 1:colcon.colcon_core.package_discovery:discover_packages(recursive) discover
[0.485s] INFO:colcon.colcon_core.package_discovery:Crawling recursively for packages in '/home/leo/piper_ws/src/src/piper_moveit/add_zones_pkg'
[0.486s] Level 1:colcon.colcon_core.package_identification:_identify(.) by extensions ['ignore', 'ignore_ament_install']
[0.486s] Level 1:colcon.colcon_core.package_identification:_identify(.) by extension 'ignore'
[0.486s] Level 1:colcon.colcon_core.package_identification:_identify(.) by extension 'ignore_ament_install'
[0.486s] Level 1:colcon.colcon_core.package_identification:_identify(.) by extensions ['colcon_pkg']
[0.486s] Level 1:colcon.colcon_core.package_identification:_identify(.) by extension 'colcon_pkg'
[0.486s] Level 1:colcon.colcon_core.package_identification:_identify(.) by extensions ['colcon_meta']
[0.486s] Level 1:colcon.colcon_core.package_identification:_identify(.) by extension 'colcon_meta'
[0.486s] Level 1:colcon.colcon_core.package_identification:_identify(.) by extensions ['ros']
[0.486s] Level 1:colcon.colcon_core.package_identification:_identify(.) by extension 'ros'
[0.503s] DEBUG:colcon.colcon_core.package_identification:Package '.' with type 'ros.ament_python' and name 'add_zones_pkg'
[0.503s] Level 1:colcon.colcon_core.package_discovery:discover_packages(recursive) using defaults
[0.503s] Level 1:colcon.colcon_core.package_discovery:discover_packages(ignore) discover
[0.503s] Level 1:colcon.colcon_core.package_discovery:discover_packages(ignore) using defaults
[0.503s] Level 1:colcon.colcon_core.package_discovery:discover_packages(path) discover
[0.503s] Level 1:colcon.colcon_core.package_discovery:discover_packages(path) using defaults
[0.554s] Level 1:colcon.colcon_core.package_discovery:discover_packages(prefix_path) check parameters
[0.554s] Level 1:colcon.colcon_core.package_discovery:discover_packages(prefix_path) discover
[0.559s] DEBUG:colcon.colcon_installed_package_information.package_discovery:Found 356 installed packages in /opt/ros/humble
[0.561s] Level 1:colcon.colcon_core.package_discovery:discover_packages(prefix_path) using defaults
[0.616s] Level 5:colcon.colcon_core.verb:set package 'add_zones_pkg' build argument 'cmake_args' from command line to 'None'
[0.616s] Level 5:colcon.colcon_core.verb:set package 'add_zones_pkg' build argument 'cmake_target' from command line to 'None'
[0.616s] Level 5:colcon.colcon_core.verb:set package 'add_zones_pkg' build argument 'cmake_target_skip_unavailable' from command line to 'False'
[0.616s] Level 5:colcon.colcon_core.verb:set package 'add_zones_pkg' build argument 'cmake_clean_cache' from command line to 'False'
[0.616s] Level 5:colcon.colcon_core.verb:set package 'add_zones_pkg' build argument 'cmake_clean_first' from command line to 'False'
[0.616s] Level 5:colcon.colcon_core.verb:set package 'add_zones_pkg' build argument 'cmake_force_configure' from command line to 'False'
[0.616s] Level 5:colcon.colcon_core.verb:set package 'add_zones_pkg' build argument 'ament_cmake_args' from command line to 'None'
[0.616s] Level 5:colcon.colcon_core.verb:set package 'add_zones_pkg' build argument 'catkin_cmake_args' from command line to 'None'
[0.616s] Level 5:colcon.colcon_core.verb:set package 'add_zones_pkg' build argument 'catkin_skip_building_tests' from command line to 'False'
[0.616s] DEBUG:colcon.colcon_core.verb:Building package 'add_zones_pkg' with the following arguments: {'ament_cmake_args': None, 'build_base': '/home/leo/piper_ws/src/src/piper_moveit/add_zones_pkg/build/add_zones_pkg', 'catkin_cmake_args': None, 'catkin_skip_building_tests': False, 'cmake_args': None, 'cmake_clean_cache': False, 'cmake_clean_first': False, 'cmake_force_configure': False, 'cmake_target': None, 'cmake_target_skip_unavailable': False, 'install_base': '/home/leo/piper_ws/src/src/piper_moveit/add_zones_pkg/install/add_zones_pkg', 'merge_install': False, 'path': '/home/leo/piper_ws/src/src/piper_moveit/add_zones_pkg', 'symlink_install': False, 'test_result_base': None}
[0.617s] INFO:colcon.colcon_core.executor:Executing jobs using 'parallel' executor
[0.618s] DEBUG:colcon.colcon_parallel_executor.executor.parallel:run_until_complete
[0.618s] INFO:colcon.colcon_ros.task.ament_python.build:Building ROS package in '/home/leo/piper_ws/src/src/piper_moveit/add_zones_pkg' with build type 'ament_python'
[0.619s] Level 1:colcon.colcon_core.shell:create_environment_hook('add_zones_pkg', 'ament_prefix_path')
[0.623s] INFO:colcon.colcon_core.plugin_system:Skipping extension 'colcon_core.shell.bat': Not used on non-Windows systems
[0.624s] INFO:colcon.colcon_core.shell:Creating environment hook '/home/leo/piper_ws/src/src/piper_moveit/add_zones_pkg/install/add_zones_pkg/share/add_zones_pkg/hook/ament_prefix_path.ps1'
[0.625s] INFO:colcon.colcon_core.shell:Creating environment descriptor '/home/leo/piper_ws/src/src/piper_moveit/add_zones_pkg/install/add_zones_pkg/share/add_zones_pkg/hook/ament_prefix_path.dsv'
[0.626s] INFO:colcon.colcon_core.shell:Creating environment hook '/home/leo/piper_ws/src/src/piper_moveit/add_zones_pkg/install/add_zones_pkg/share/add_zones_pkg/hook/ament_prefix_path.sh'
[0.627s] INFO:colcon.colcon_core.shell:Skip shell extension 'powershell' for command environment: Not usable outside of PowerShell
[0.627s] DEBUG:colcon.colcon_core.shell:Skip shell extension 'dsv' for command environment
[0.965s] INFO:colcon.colcon_core.task.python.build:Building Python package in '/home/leo/piper_ws/src/src/piper_moveit/add_zones_pkg'
[0.965s] INFO:colcon.colcon_core.shell:Skip shell extension 'powershell' for command environment: Not usable outside of PowerShell
[0.965s] DEBUG:colcon.colcon_core.shell:Skip shell extension 'dsv' for command environment
[1.564s] DEBUG:colcon.colcon_core.event_handler.log_command:Invoking command in '/home/leo/piper_ws/src/src/piper_moveit/add_zones_pkg': PYTHONPATH=/home/leo/piper_ws/src/src/piper_moveit/add_zones_pkg/build/add_zones_pkg/prefix_override:/usr/lib/python3/dist-packages/colcon_core/task/python/colcon_distutils_commands:/home/leo/piper_ws/src/src/piper_moveit/add_zones_pkg/install/add_zones_pkg/lib/python3.10/site-packages:${PYTHONPATH} /usr/bin/python3 -W ignore:setup.py install is deprecated -W ignore:easy_install command is deprecated setup.py egg_info --egg-base build/add_zones_pkg build --build-base /home/leo/piper_ws/src/src/piper_moveit/add_zones_pkg/build/add_zones_pkg/build install --record /home/leo/piper_ws/src/src/piper_moveit/add_zones_pkg/build/add_zones_pkg/install.log --single-version-externally-managed install_data
[2.018s] DEBUG:colcon.colcon_core.event_handler.log_command:Invoked command in '/home/leo/piper_ws/src/src/piper_moveit/add_zones_pkg' returned '0': PYTHONPATH=/home/leo/piper_ws/src/src/piper_moveit/add_zones_pkg/build/add_zones_pkg/prefix_override:/usr/lib/python3/dist-packages/colcon_core/task/python/colcon_distutils_commands:/home/leo/piper_ws/src/src/piper_moveit/add_zones_pkg/install/add_zones_pkg/lib/python3.10/site-packages:${PYTHONPATH} /usr/bin/python3 -W ignore:setup.py install is deprecated -W ignore:easy_install command is deprecated setup.py egg_info --egg-base build/add_zones_pkg build --build-base /home/leo/piper_ws/src/src/piper_moveit/add_zones_pkg/build/add_zones_pkg/build install --record /home/leo/piper_ws/src/src/piper_moveit/add_zones_pkg/build/add_zones_pkg/install.log --single-version-externally-managed install_data
[2.024s] Level 1:colcon.colcon_core.environment:checking '/home/leo/piper_ws/src/src/piper_moveit/add_zones_pkg/install/add_zones_pkg' for CMake module files
[2.025s] Level 1:colcon.colcon_core.environment:checking '/home/leo/piper_ws/src/src/piper_moveit/add_zones_pkg/install/add_zones_pkg' for CMake config files
[2.025s] Level 1:colcon.colcon_core.environment:checking '/home/leo/piper_ws/src/src/piper_moveit/add_zones_pkg/install/add_zones_pkg/lib'
[2.026s] Level 1:colcon.colcon_core.environment:checking '/home/leo/piper_ws/src/src/piper_moveit/add_zones_pkg/install/add_zones_pkg/bin'
[2.026s] Level 1:colcon.colcon_core.environment:checking '/home/leo/piper_ws/src/src/piper_moveit/add_zones_pkg/install/add_zones_pkg/lib/pkgconfig/add_zones_pkg.pc'
[2.026s] Level 1:colcon.colcon_core.environment:checking '/home/leo/piper_ws/src/src/piper_moveit/add_zones_pkg/install/add_zones_pkg/lib/python3.10/site-packages'
[2.026s] Level 1:colcon.colcon_core.shell:create_environment_hook('add_zones_pkg', 'pythonpath')
[2.026s] INFO:colcon.colcon_core.shell:Creating environment hook '/home/leo/piper_ws/src/src/piper_moveit/add_zones_pkg/install/add_zones_pkg/share/add_zones_pkg/hook/pythonpath.ps1'
[2.027s] INFO:colcon.colcon_core.shell:Creating environment descriptor '/home/leo/piper_ws/src/src/piper_moveit/add_zones_pkg/install/add_zones_pkg/share/add_zones_pkg/hook/pythonpath.dsv'
[2.027s] INFO:colcon.colcon_core.shell:Creating environment hook '/home/leo/piper_ws/src/src/piper_moveit/add_zones_pkg/install/add_zones_pkg/share/add_zones_pkg/hook/pythonpath.sh'
[2.028s] Level 1:colcon.colcon_core.environment:checking '/home/leo/piper_ws/src/src/piper_moveit/add_zones_pkg/install/add_zones_pkg/bin'
[2.028s] Level 1:colcon.colcon_core.environment:create_environment_scripts_only(add_zones_pkg)
[2.029s] INFO:colcon.colcon_core.shell:Creating package script '/home/leo/piper_ws/src/src/piper_moveit/add_zones_pkg/install/add_zones_pkg/share/add_zones_pkg/package.ps1'
[2.030s] INFO:colcon.colcon_core.shell:Creating package descriptor '/home/leo/piper_ws/src/src/piper_moveit/add_zones_pkg/install/add_zones_pkg/share/add_zones_pkg/package.dsv'
[2.030s] INFO:colcon.colcon_core.shell:Creating package script '/home/leo/piper_ws/src/src/piper_moveit/add_zones_pkg/install/add_zones_pkg/share/add_zones_pkg/package.sh'
[2.031s] INFO:colcon.colcon_core.shell:Creating package script '/home/leo/piper_ws/src/src/piper_moveit/add_zones_pkg/install/add_zones_pkg/share/add_zones_pkg/package.bash'
[2.033s] INFO:colcon.colcon_core.shell:Creating package script '/home/leo/piper_ws/src/src/piper_moveit/add_zones_pkg/install/add_zones_pkg/share/add_zones_pkg/package.zsh'
[2.034s] Level 1:colcon.colcon_core.environment:create_file_with_runtime_dependencies(/home/leo/piper_ws/src/src/piper_moveit/add_zones_pkg/install/add_zones_pkg/share/colcon-core/packages/add_zones_pkg)
[2.035s] DEBUG:colcon.colcon_parallel_executor.executor.parallel:closing loop
[2.035s] DEBUG:colcon.colcon_parallel_executor.executor.parallel:loop closed
[2.035s] DEBUG:colcon.colcon_parallel_executor.executor.parallel:run_until_complete finished with '0'
[2.035s] DEBUG:colcon.colcon_core.event_reactor:joining thread
[2.048s] INFO:colcon.colcon_core.plugin_system:Skipping extension 'colcon_notification.desktop_notification.terminal_notifier': Not used on non-Darwin systems
[2.048s] INFO:colcon.colcon_core.plugin_system:Skipping extension 'colcon_notification.desktop_notification.win32': Not used on non-Windows systems
[2.049s] INFO:colcon.colcon_notification.desktop_notification:Sending desktop notification using 'notify2'
[2.099s] DEBUG:colcon.colcon_core.event_reactor:joined thread
[2.100s] INFO:colcon.colcon_core.shell:Creating prefix script '/home/leo/piper_ws/src/src/piper_moveit/add_zones_pkg/install/local_setup.ps1'
[2.102s] INFO:colcon.colcon_core.shell:Creating prefix util module '/home/leo/piper_ws/src/src/piper_moveit/add_zones_pkg/install/_local_setup_util_ps1.py'
[2.104s] INFO:colcon.colcon_core.shell:Creating prefix chain script '/home/leo/piper_ws/src/src/piper_moveit/add_zones_pkg/install/setup.ps1'
[2.106s] INFO:colcon.colcon_core.shell:Creating prefix script '/home/leo/piper_ws/src/src/piper_moveit/add_zones_pkg/install/local_setup.sh'
[2.107s] INFO:colcon.colcon_core.shell:Creating prefix util module '/home/leo/piper_ws/src/src/piper_moveit/add_zones_pkg/install/_local_setup_util_sh.py'
[2.108s] INFO:colcon.colcon_core.shell:Creating prefix chain script '/home/leo/piper_ws/src/src/piper_moveit/add_zones_pkg/install/setup.sh'
[2.109s] INFO:colcon.colcon_core.shell:Creating prefix script '/home/leo/piper_ws/src/src/piper_moveit/add_zones_pkg/install/local_setup.bash'
[2.110s] INFO:colcon.colcon_core.shell:Creating prefix chain script '/home/leo/piper_ws/src/src/piper_moveit/add_zones_pkg/install/setup.bash'
[2.113s] INFO:colcon.colcon_core.shell:Creating prefix script '/home/leo/piper_ws/src/src/piper_moveit/add_zones_pkg/install/local_setup.zsh'
[2.114s] INFO:colcon.colcon_core.shell:Creating prefix chain script '/home/leo/piper_ws/src/src/piper_moveit/add_zones_pkg/install/setup.zsh'
