running egg_info
creating build/add_zones_pkg/add_zones_pkg.egg-info
writing build/add_zones_pkg/add_zones_pkg.egg-info/PKG-INFO
writing dependency_links to build/add_zones_pkg/add_zones_pkg.egg-info/dependency_links.txt
writing entry points to build/add_zones_pkg/add_zones_pkg.egg-info/entry_points.txt
writing requirements to build/add_zones_pkg/add_zones_pkg.egg-info/requires.txt
writing top-level names to build/add_zones_pkg/add_zones_pkg.egg-info/top_level.txt
writing manifest file 'build/add_zones_pkg/add_zones_pkg.egg-info/SOURCES.txt'
reading manifest file 'build/add_zones_pkg/add_zones_pkg.egg-info/SOURCES.txt'
writing manifest file 'build/add_zones_pkg/add_zones_pkg.egg-info/SOURCES.txt'
running build
running build_py
creating /home/leo/piper_ws/src/src/piper_moveit/add_zones_pkg/build/add_zones_pkg/build
creating /home/leo/piper_ws/src/src/piper_moveit/add_zones_pkg/build/add_zones_pkg/build/lib
creating /home/leo/piper_ws/src/src/piper_moveit/add_zones_pkg/build/add_zones_pkg/build/lib/add_zones_pkg
copying add_zones_pkg/__init__.py -> /home/leo/piper_ws/src/src/piper_moveit/add_zones_pkg/build/add_zones_pkg/build/lib/add_zones_pkg
copying add_zones_pkg/add_zones_node.py -> /home/leo/piper_ws/src/src/piper_moveit/add_zones_pkg/build/add_zones_pkg/build/lib/add_zones_pkg
running install
running install_lib
creating /home/leo/piper_ws/src/src/piper_moveit/add_zones_pkg/install/add_zones_pkg/lib/python3.10/site-packages/add_zones_pkg
copying /home/leo/piper_ws/src/src/piper_moveit/add_zones_pkg/build/add_zones_pkg/build/lib/add_zones_pkg/__init__.py -> /home/leo/piper_ws/src/src/piper_moveit/add_zones_pkg/install/add_zones_pkg/lib/python3.10/site-packages/add_zones_pkg
copying /home/leo/piper_ws/src/src/piper_moveit/add_zones_pkg/build/add_zones_pkg/build/lib/add_zones_pkg/add_zones_node.py -> /home/leo/piper_ws/src/src/piper_moveit/add_zones_pkg/install/add_zones_pkg/lib/python3.10/site-packages/add_zones_pkg
byte-compiling /home/leo/piper_ws/src/src/piper_moveit/add_zones_pkg/install/add_zones_pkg/lib/python3.10/site-packages/add_zones_pkg/__init__.py to __init__.cpython-310.pyc
byte-compiling /home/leo/piper_ws/src/src/piper_moveit/add_zones_pkg/install/add_zones_pkg/lib/python3.10/site-packages/add_zones_pkg/add_zones_node.py to add_zones_node.cpython-310.pyc
running install_data
creating /home/leo/piper_ws/src/src/piper_moveit/add_zones_pkg/install/add_zones_pkg/share/ament_index
creating /home/leo/piper_ws/src/src/piper_moveit/add_zones_pkg/install/add_zones_pkg/share/ament_index/resource_index
creating /home/leo/piper_ws/src/src/piper_moveit/add_zones_pkg/install/add_zones_pkg/share/ament_index/resource_index/packages
copying resource/add_zones_pkg -> /home/leo/piper_ws/src/src/piper_moveit/add_zones_pkg/install/add_zones_pkg/share/ament_index/resource_index/packages
copying package.xml -> /home/leo/piper_ws/src/src/piper_moveit/add_zones_pkg/install/add_zones_pkg/share/add_zones_pkg
running install_egg_info
Copying build/add_zones_pkg/add_zones_pkg.egg-info to /home/leo/piper_ws/src/src/piper_moveit/add_zones_pkg/install/add_zones_pkg/lib/python3.10/site-packages/add_zones_pkg-0.0.0-py3.10.egg-info
running install_scripts
writing list of installed files to '/home/leo/piper_ws/src/src/piper_moveit/add_zones_pkg/build/add_zones_pkg/install.log'
