[0.942s] Invoking command in '/home/leo/piper_ws/src/src/piper_moveit/add_zones_pkg': PYTHONPATH=/home/leo/piper_ws/src/src/piper_moveit/add_zones_pkg/build/add_zones_pkg/prefix_override:/usr/lib/python3/dist-packages/colcon_core/task/python/colcon_distutils_commands:/home/leo/piper_ws/src/src/piper_moveit/add_zones_pkg/install/add_zones_pkg/lib/python3.10/site-packages:${PYTHONPATH} /usr/bin/python3 -W ignore:setup.py install is deprecated -W ignore:easy_install command is deprecated setup.py egg_info --egg-base build/add_zones_pkg build --build-base /home/leo/piper_ws/src/src/piper_moveit/add_zones_pkg/build/add_zones_pkg/build install --record /home/leo/piper_ws/src/src/piper_moveit/add_zones_pkg/build/add_zones_pkg/install.log --single-version-externally-managed install_data
[1.310s] running egg_info
[1.311s] creating build/add_zones_pkg/add_zones_pkg.egg-info
[1.311s] writing build/add_zones_pkg/add_zones_pkg.egg-info/PKG-INFO
[1.311s] writing dependency_links to build/add_zones_pkg/add_zones_pkg.egg-info/dependency_links.txt
[1.312s] writing entry points to build/add_zones_pkg/add_zones_pkg.egg-info/entry_points.txt
[1.312s] writing requirements to build/add_zones_pkg/add_zones_pkg.egg-info/requires.txt
[1.312s] writing top-level names to build/add_zones_pkg/add_zones_pkg.egg-info/top_level.txt
[1.312s] writing manifest file 'build/add_zones_pkg/add_zones_pkg.egg-info/SOURCES.txt'
[1.315s] reading manifest file 'build/add_zones_pkg/add_zones_pkg.egg-info/SOURCES.txt'
[1.316s] writing manifest file 'build/add_zones_pkg/add_zones_pkg.egg-info/SOURCES.txt'
[1.316s] running build
[1.317s] running build_py
[1.317s] creating /home/leo/piper_ws/src/src/piper_moveit/add_zones_pkg/build/add_zones_pkg/build
[1.317s] creating /home/leo/piper_ws/src/src/piper_moveit/add_zones_pkg/build/add_zones_pkg/build/lib
[1.317s] creating /home/leo/piper_ws/src/src/piper_moveit/add_zones_pkg/build/add_zones_pkg/build/lib/add_zones_pkg
[1.317s] copying add_zones_pkg/__init__.py -> /home/leo/piper_ws/src/src/piper_moveit/add_zones_pkg/build/add_zones_pkg/build/lib/add_zones_pkg
[1.317s] copying add_zones_pkg/add_zones_node.py -> /home/leo/piper_ws/src/src/piper_moveit/add_zones_pkg/build/add_zones_pkg/build/lib/add_zones_pkg
[1.317s] running install
[1.318s] running install_lib
[1.319s] creating /home/leo/piper_ws/src/src/piper_moveit/add_zones_pkg/install/add_zones_pkg/lib/python3.10/site-packages/add_zones_pkg
[1.319s] copying /home/leo/piper_ws/src/src/piper_moveit/add_zones_pkg/build/add_zones_pkg/build/lib/add_zones_pkg/__init__.py -> /home/leo/piper_ws/src/src/piper_moveit/add_zones_pkg/install/add_zones_pkg/lib/python3.10/site-packages/add_zones_pkg
[1.319s] copying /home/leo/piper_ws/src/src/piper_moveit/add_zones_pkg/build/add_zones_pkg/build/lib/add_zones_pkg/add_zones_node.py -> /home/leo/piper_ws/src/src/piper_moveit/add_zones_pkg/install/add_zones_pkg/lib/python3.10/site-packages/add_zones_pkg
[1.320s] byte-compiling /home/leo/piper_ws/src/src/piper_moveit/add_zones_pkg/install/add_zones_pkg/lib/python3.10/site-packages/add_zones_pkg/__init__.py to __init__.cpython-310.pyc
[1.320s] byte-compiling /home/leo/piper_ws/src/src/piper_moveit/add_zones_pkg/install/add_zones_pkg/lib/python3.10/site-packages/add_zones_pkg/add_zones_node.py to add_zones_node.cpython-310.pyc
[1.321s] running install_data
[1.321s] creating /home/leo/piper_ws/src/src/piper_moveit/add_zones_pkg/install/add_zones_pkg/share/ament_index
[1.321s] creating /home/leo/piper_ws/src/src/piper_moveit/add_zones_pkg/install/add_zones_pkg/share/ament_index/resource_index
[1.322s] creating /home/leo/piper_ws/src/src/piper_moveit/add_zones_pkg/install/add_zones_pkg/share/ament_index/resource_index/packages
[1.322s] copying resource/add_zones_pkg -> /home/leo/piper_ws/src/src/piper_moveit/add_zones_pkg/install/add_zones_pkg/share/ament_index/resource_index/packages
[1.322s] copying package.xml -> /home/leo/piper_ws/src/src/piper_moveit/add_zones_pkg/install/add_zones_pkg/share/add_zones_pkg
[1.322s] running install_egg_info
[1.326s] Copying build/add_zones_pkg/add_zones_pkg.egg-info to /home/leo/piper_ws/src/src/piper_moveit/add_zones_pkg/install/add_zones_pkg/lib/python3.10/site-packages/add_zones_pkg-0.0.0-py3.10.egg-info
[1.327s] running install_scripts
[1.355s] writing list of installed files to '/home/leo/piper_ws/src/src/piper_moveit/add_zones_pkg/build/add_zones_pkg/install.log'
[1.398s] Invoked command in '/home/leo/piper_ws/src/src/piper_moveit/add_zones_pkg' returned '0': PYTHONPATH=/home/leo/piper_ws/src/src/piper_moveit/add_zones_pkg/build/add_zones_pkg/prefix_override:/usr/lib/python3/dist-packages/colcon_core/task/python/colcon_distutils_commands:/home/leo/piper_ws/src/src/piper_moveit/add_zones_pkg/install/add_zones_pkg/lib/python3.10/site-packages:${PYTHONPATH} /usr/bin/python3 -W ignore:setup.py install is deprecated -W ignore:easy_install command is deprecated setup.py egg_info --egg-base build/add_zones_pkg build --build-base /home/leo/piper_ws/src/src/piper_moveit/add_zones_pkg/build/add_zones_pkg/build install --record /home/leo/piper_ws/src/src/piper_moveit/add_zones_pkg/build/add_zones_pkg/install.log --single-version-externally-managed install_data
