[2.581s] Invoking command in '/home/leo/Group7LitterRobot/sapling_ws/src/domains/brain': PYTHONPATH=/home/leo/Group7LitterRobot/sapling_ws/build/brain/prefix_override:/usr/lib/python3/dist-packages/colcon_core/task/python/colcon_distutils_commands:/home/leo/Group7LitterRobot/sapling_ws/install/brain/lib/python3.10/site-packages:${PYTHONPATH} /usr/bin/python3 -W ignore:setup.py install is deprecated -W ignore:easy_install command is deprecated setup.py egg_info --egg-base ../../../build/brain build --build-base /home/leo/Group7LitterRobot/sapling_ws/build/brain/build install --record /home/leo/Group7LitterRobot/sapling_ws/build/brain/install.log --single-version-externally-managed install_data
[3.098s] running egg_info
[3.098s] creating ../../../build/brain/brain.egg-info
[3.098s] writing ../../../build/brain/brain.egg-info/PKG-INFO
[3.099s] writing dependency_links to ../../../build/brain/brain.egg-info/dependency_links.txt
[3.099s] writing entry points to ../../../build/brain/brain.egg-info/entry_points.txt
[3.099s] writing requirements to ../../../build/brain/brain.egg-info/requires.txt
[3.099s] writing top-level names to ../../../build/brain/brain.egg-info/top_level.txt
[3.099s] writing manifest file '../../../build/brain/brain.egg-info/SOURCES.txt'
[3.099s] reading manifest file '../../../build/brain/brain.egg-info/SOURCES.txt'
[3.099s] writing manifest file '../../../build/brain/brain.egg-info/SOURCES.txt'
[3.100s] running build
[3.100s] running build_py
[3.100s] creating /home/leo/Group7LitterRobot/sapling_ws/build/brain/build
[3.100s] creating /home/leo/Group7LitterRobot/sapling_ws/build/brain/build/lib
[3.100s] creating /home/leo/Group7LitterRobot/sapling_ws/build/brain/build/lib/brain
[3.100s] copying brain/__init__.py -> /home/leo/Group7LitterRobot/sapling_ws/build/brain/build/lib/brain
[3.100s] running install
[3.100s] running install_lib
[3.101s] creating /home/leo/Group7LitterRobot/sapling_ws/install/brain/lib/python3.10/site-packages/brain
[3.101s] copying /home/leo/Group7LitterRobot/sapling_ws/build/brain/build/lib/brain/__init__.py -> /home/leo/Group7LitterRobot/sapling_ws/install/brain/lib/python3.10/site-packages/brain
[3.101s] byte-compiling /home/leo/Group7LitterRobot/sapling_ws/install/brain/lib/python3.10/site-packages/brain/__init__.py to __init__.cpython-310.pyc
[3.101s] running install_data
[3.101s] creating /home/leo/Group7LitterRobot/sapling_ws/install/brain/share/ament_index
[3.104s] creating /home/leo/Group7LitterRobot/sapling_ws/install/brain/share/ament_index/resource_index
[3.105s] creating /home/leo/Group7LitterRobot/sapling_ws/install/brain/share/ament_index/resource_index/packages
[3.105s] copying resource/brain -> /home/leo/Group7LitterRobot/sapling_ws/install/brain/share/ament_index/resource_index/packages
[3.106s] copying package.xml -> /home/leo/Group7LitterRobot/sapling_ws/install/brain/share/brain
[3.106s] running install_egg_info
[3.107s] Copying ../../../build/brain/brain.egg-info to /home/leo/Group7LitterRobot/sapling_ws/install/brain/lib/python3.10/site-packages/brain-0.0.0-py3.10.egg-info
[3.107s] running install_scripts
[3.111s] writing list of installed files to '/home/leo/Group7LitterRobot/sapling_ws/build/brain/install.log'
[3.223s] Invoked command in '/home/leo/Group7LitterRobot/sapling_ws/src/domains/brain' returned '0': PYTHONPATH=/home/leo/Group7LitterRobot/sapling_ws/build/brain/prefix_override:/usr/lib/python3/dist-packages/colcon_core/task/python/colcon_distutils_commands:/home/leo/Group7LitterRobot/sapling_ws/install/brain/lib/python3.10/site-packages:${PYTHONPATH} /usr/bin/python3 -W ignore:setup.py install is deprecated -W ignore:easy_install command is deprecated setup.py egg_info --egg-base ../../../build/brain build --build-base /home/leo/Group7LitterRobot/sapling_ws/build/brain/build install --record /home/leo/Group7LitterRobot/sapling_ws/build/brain/install.log --single-version-externally-managed install_data
