[0.021s] Invoking command in '/home/leo/Group7LitterRobot/sapling_ws/build/pick_and_place_pkg': AMENT_PREFIX_PATH=/home/leo/Group7LitterRobot/sapling_ws/install/piper_msgs:${AMENT_PREFIX_PATH} CMAKE_PREFIX_PATH=/home/leo/Group7LitterRobot/sapling_ws/install/piper_msgs:/home/leo/Group7LitterRobot-main/sapling_ws/install/sapling_description:/home/leo/Group7LitterRobot-main/sapling_ws/install/sapling:/home/leo/Group7LitterRobot-main/sapling_ws/install/piper_with_gripper_moveit:/home/leo/Group7LitterRobot-main/sapling_ws/install/piper_no_gripper_moveit:/home/leo/Group7LitterRobot-main/sapling_ws/install/piper_mujoco:/home/leo/Group7LitterRobot-main/sapling_ws/install/pick_and_place_pkg:/home/leo/Group7LitterRobot-main/sapling_ws/install/piper_msgs:/home/leo/Group7LitterRobot-main/sapling_ws/install/piper_humble:/home/leo/Group7LitterRobot-main/sapling_ws/install/piper_gazebo:/home/leo/Group7LitterRobot-main/sapling_ws/install/piper_description:/home/leo/Group7LitterRobot-main/sapling_ws/install/vision_pkg:/home/leo/Group7LitterRobot-main/sapling_ws/install/vision:/home/leo/Group7LitterRobot-main/sapling_ws/install/pick_and_place_python:/home/leo/Group7LitterRobot-main/sapling_ws/install/piper:/home/leo/Group7LitterRobot-main/sapling_ws/install/navigation:/home/leo/Group7LitterRobot-main/sapling_ws/install/comms:/home/leo/Group7LitterRobot-main/sapling_ws/install/brain:/home/leo/Group7LitterRobot-main/sapling_ws/install/add_zones_pkg:/opt/ros/humble LD_LIBRARY_PATH=/home/leo/Group7LitterRobot/sapling_ws/install/piper_msgs/lib:${LD_LIBRARY_PATH} PYTHONPATH=/home/leo/Group7LitterRobot/sapling_ws/install/piper_msgs/local/lib/python3.10/dist-packages:${PYTHONPATH} /usr/bin/cmake /home/leo/Group7LitterRobot/sapling_ws/src/domains/arm/piper_moveit/pick_and_place_pkg -DCMAKE_INSTALL_PREFIX=/home/leo/Group7LitterRobot/sapling_ws/install/pick_and_place_pkg
[0.096s] -- The C compiler identification is GNU 11.4.0
[0.190s] -- The CXX compiler identification is GNU 11.4.0
[0.203s] -- Detecting C compiler ABI info
[0.308s] -- Detecting C compiler ABI info - done
[0.334s] -- Check for working C compiler: /usr/bin/cc - skipped
[0.335s] -- Detecting C compile features
[0.336s] -- Detecting C compile features - done
[0.346s] -- Detecting CXX compiler ABI info
[0.460s] -- Detecting CXX compiler ABI info - done
[0.472s] -- Check for working CXX compiler: /usr/bin/c++ - skipped
[0.473s] -- Detecting CXX compile features
[0.473s] -- Detecting CXX compile features - done
[0.478s] -- Found ament_cmake: 1.3.12 (/opt/ros/humble/share/ament_cmake/cmake)
[0.673s] -- Found Python3: /usr/bin/python3 (found version "3.10.12") found components: Interpreter 
[0.781s] -- Found rclcpp: 16.0.17 (/opt/ros/humble/share/rclcpp/cmake)
[0.839s] -- Found rosidl_generator_c: 3.1.8 (/opt/ros/humble/share/rosidl_generator_c/cmake)
[0.845s] -- Found rosidl_adapter: 3.1.8 (/opt/ros/humble/share/rosidl_adapter/cmake)
[0.855s] -- Found rosidl_generator_cpp: 3.1.8 (/opt/ros/humble/share/rosidl_generator_cpp/cmake)
[0.871s] -- Using all available rosidl_typesupport_c: rosidl_typesupport_fastrtps_c;rosidl_typesupport_introspection_c
[0.892s] -- Using all available rosidl_typesupport_cpp: rosidl_typesupport_fastrtps_cpp;rosidl_typesupport_introspection_cpp
[0.952s] -- Found rmw_implementation_cmake: 6.1.2 (/opt/ros/humble/share/rmw_implementation_cmake/cmake)
[0.956s] -- Found rmw_fastrtps_cpp: 6.2.9 (/opt/ros/humble/share/rmw_fastrtps_cpp/cmake)
[1.134s] -- Found OpenSSL: /usr/lib/x86_64-linux-gnu/libcrypto.so (found version "3.0.2")  
[1.180s] -- Found FastRTPS: /opt/ros/humble/include  
[1.243s] -- Using RMW implementation 'rmw_fastrtps_cpp' as default
[1.254s] -- Looking for pthread.h
[1.370s] -- Looking for pthread.h - found
[1.370s] -- Performing Test CMAKE_HAVE_LIBC_PTHREAD
[1.472s] -- Performing Test CMAKE_HAVE_LIBC_PTHREAD - Success
[1.474s] -- Found Threads: TRUE  
[1.531s] -- Found geometry_msgs: 4.9.0 (/opt/ros/humble/share/geometry_msgs/cmake)
[1.544s] -- Found piper_msgs: 0.0.0 (/home/leo/Group7LitterRobot/sapling_ws/install/piper_msgs/share/piper_msgs/cmake)
[1.560s] -- Found moveit_ros_planning_interface: 2.5.9 (/opt/ros/humble/share/moveit_ros_planning_interface/cmake)
[1.586s] -- Found Boost: /usr/lib/x86_64-linux-gnu/cmake/Boost-1.74.0/BoostConfig.cmake (found version "1.74.0") found components: date_time filesystem program_options system thread 
[1.758s] -- Found Boost: /usr/lib/x86_64-linux-gnu/cmake/Boost-1.74.0/BoostConfig.cmake (found version "1.74.0") found components: chrono date_time filesystem iostreams program_options regex serialization system thread 
[1.807s] -- Found parameter_traits: 0.6.0 (/opt/ros/humble/share/parameter_traits/cmake)
[1.820s] -- Found rclcpp_lifecycle: 16.0.17 (/opt/ros/humble/share/rclcpp_lifecycle/cmake)
[1.846s] -- Found Boost: /usr/lib/x86_64-linux-gnu/cmake/Boost-1.74.0/BoostConfig.cmake (found version "1.74.0") found components: filesystem 
[2.012s] -- library: /usr/lib/x86_64-linux-gnu/libcurl.so
[2.052s] -- Found Eigen3: TRUE (found version "3.4.0") 
[2.052s] -- Ensuring Eigen3 include directory is part of orocos-kdl CMake target
[2.217s] -- Found Boost: /usr/lib/x86_64-linux-gnu/cmake/Boost-1.74.0/BoostConfig.cmake (found version "1.74.0") found components: system filesystem date_time program_options thread chrono 
[2.258s] -- Found Boost: /usr/lib/x86_64-linux-gnu/cmake/Boost-1.74.0/BoostConfig.cmake (found version "1.74.0") found components: thread system filesystem regex date_time program_options 
[2.287s] -- Found Boost: /usr/lib/x86_64-linux-gnu/cmake/Boost-1.74.0/BoostConfig.cmake (found version "1.74.0") found components: system filesystem date_time program_options thread 
[2.425s] -- Configuring done
[2.498s] -- Generating done
[2.521s] -- Build files have been written to: /home/leo/Group7LitterRobot/sapling_ws/build/pick_and_place_pkg
[2.539s] Invoked command in '/home/leo/Group7LitterRobot/sapling_ws/build/pick_and_place_pkg' returned '0': AMENT_PREFIX_PATH=/home/leo/Group7LitterRobot/sapling_ws/install/piper_msgs:${AMENT_PREFIX_PATH} CMAKE_PREFIX_PATH=/home/leo/Group7LitterRobot/sapling_ws/install/piper_msgs:/home/leo/Group7LitterRobot-main/sapling_ws/install/sapling_description:/home/leo/Group7LitterRobot-main/sapling_ws/install/sapling:/home/leo/Group7LitterRobot-main/sapling_ws/install/piper_with_gripper_moveit:/home/leo/Group7LitterRobot-main/sapling_ws/install/piper_no_gripper_moveit:/home/leo/Group7LitterRobot-main/sapling_ws/install/piper_mujoco:/home/leo/Group7LitterRobot-main/sapling_ws/install/pick_and_place_pkg:/home/leo/Group7LitterRobot-main/sapling_ws/install/piper_msgs:/home/leo/Group7LitterRobot-main/sapling_ws/install/piper_humble:/home/leo/Group7LitterRobot-main/sapling_ws/install/piper_gazebo:/home/leo/Group7LitterRobot-main/sapling_ws/install/piper_description:/home/leo/Group7LitterRobot-main/sapling_ws/install/vision_pkg:/home/leo/Group7LitterRobot-main/sapling_ws/install/vision:/home/leo/Group7LitterRobot-main/sapling_ws/install/pick_and_place_python:/home/leo/Group7LitterRobot-main/sapling_ws/install/piper:/home/leo/Group7LitterRobot-main/sapling_ws/install/navigation:/home/leo/Group7LitterRobot-main/sapling_ws/install/comms:/home/leo/Group7LitterRobot-main/sapling_ws/install/brain:/home/leo/Group7LitterRobot-main/sapling_ws/install/add_zones_pkg:/opt/ros/humble LD_LIBRARY_PATH=/home/leo/Group7LitterRobot/sapling_ws/install/piper_msgs/lib:${LD_LIBRARY_PATH} PYTHONPATH=/home/leo/Group7LitterRobot/sapling_ws/install/piper_msgs/local/lib/python3.10/dist-packages:${PYTHONPATH} /usr/bin/cmake /home/leo/Group7LitterRobot/sapling_ws/src/domains/arm/piper_moveit/pick_and_place_pkg -DCMAKE_INSTALL_PREFIX=/home/leo/Group7LitterRobot/sapling_ws/install/pick_and_place_pkg
[2.542s] Invoking command in '/home/leo/Group7LitterRobot/sapling_ws/build/pick_and_place_pkg': AMENT_PREFIX_PATH=/home/leo/Group7LitterRobot/sapling_ws/install/piper_msgs:${AMENT_PREFIX_PATH} CMAKE_PREFIX_PATH=/home/leo/Group7LitterRobot/sapling_ws/install/piper_msgs:/home/leo/Group7LitterRobot-main/sapling_ws/install/sapling_description:/home/leo/Group7LitterRobot-main/sapling_ws/install/sapling:/home/leo/Group7LitterRobot-main/sapling_ws/install/piper_with_gripper_moveit:/home/leo/Group7LitterRobot-main/sapling_ws/install/piper_no_gripper_moveit:/home/leo/Group7LitterRobot-main/sapling_ws/install/piper_mujoco:/home/leo/Group7LitterRobot-main/sapling_ws/install/pick_and_place_pkg:/home/leo/Group7LitterRobot-main/sapling_ws/install/piper_msgs:/home/leo/Group7LitterRobot-main/sapling_ws/install/piper_humble:/home/leo/Group7LitterRobot-main/sapling_ws/install/piper_gazebo:/home/leo/Group7LitterRobot-main/sapling_ws/install/piper_description:/home/leo/Group7LitterRobot-main/sapling_ws/install/vision_pkg:/home/leo/Group7LitterRobot-main/sapling_ws/install/vision:/home/leo/Group7LitterRobot-main/sapling_ws/install/pick_and_place_python:/home/leo/Group7LitterRobot-main/sapling_ws/install/piper:/home/leo/Group7LitterRobot-main/sapling_ws/install/navigation:/home/leo/Group7LitterRobot-main/sapling_ws/install/comms:/home/leo/Group7LitterRobot-main/sapling_ws/install/brain:/home/leo/Group7LitterRobot-main/sapling_ws/install/add_zones_pkg:/opt/ros/humble LD_LIBRARY_PATH=/home/leo/Group7LitterRobot/sapling_ws/install/piper_msgs/lib:${LD_LIBRARY_PATH} PYTHONPATH=/home/leo/Group7LitterRobot/sapling_ws/install/piper_msgs/local/lib/python3.10/dist-packages:${PYTHONPATH} /usr/bin/cmake --build /home/leo/Group7LitterRobot/sapling_ws/build/pick_and_place_pkg -- -j8 -l8
[2.639s] [ 44%] [32mBuilding CXX object CMakeFiles/move_to_home_server.dir/src/home_node_main.cpp.o[0m
[2.640s] [ 44%] [32mBuilding CXX object CMakeFiles/move_to_home_server.dir/src/home_node.cpp.o[0m
[2.640s] [ 44%] [32mBuilding CXX object CMakeFiles/move_to_pose_server.dir/src/pick_and_place_node.cpp.o[0m
[2.640s] [ 44%] [32mBuilding CXX object CMakeFiles/move_to_pose_server.dir/src/pick_and_place_node_main.cpp.o[0m
[2.643s] [ 66%] [32mBuilding CXX object CMakeFiles/set_grip_width_server.dir/src/gripper_node.cpp.o[0m
[2.644s] [ 66%] [32mBuilding CXX object CMakeFiles/set_grip_width_server.dir/src/gripper_node_main.cpp.o[0m
[16.182s] [ 77%] [32m[1mLinking CXX executable move_to_home_server[0m
[16.253s] [ 88%] [32m[1mLinking CXX executable set_grip_width_server[0m
[16.716s] [ 88%] Built target move_to_home_server
[16.769s] [ 88%] Built target set_grip_width_server
[17.214s] [100%] [32m[1mLinking CXX executable move_to_pose_server[0m
[17.690s] [100%] Built target move_to_pose_server
[17.715s] Invoked command in '/home/leo/Group7LitterRobot/sapling_ws/build/pick_and_place_pkg' returned '0': AMENT_PREFIX_PATH=/home/leo/Group7LitterRobot/sapling_ws/install/piper_msgs:${AMENT_PREFIX_PATH} CMAKE_PREFIX_PATH=/home/leo/Group7LitterRobot/sapling_ws/install/piper_msgs:/home/leo/Group7LitterRobot-main/sapling_ws/install/sapling_description:/home/leo/Group7LitterRobot-main/sapling_ws/install/sapling:/home/leo/Group7LitterRobot-main/sapling_ws/install/piper_with_gripper_moveit:/home/leo/Group7LitterRobot-main/sapling_ws/install/piper_no_gripper_moveit:/home/leo/Group7LitterRobot-main/sapling_ws/install/piper_mujoco:/home/leo/Group7LitterRobot-main/sapling_ws/install/pick_and_place_pkg:/home/leo/Group7LitterRobot-main/sapling_ws/install/piper_msgs:/home/leo/Group7LitterRobot-main/sapling_ws/install/piper_humble:/home/leo/Group7LitterRobot-main/sapling_ws/install/piper_gazebo:/home/leo/Group7LitterRobot-main/sapling_ws/install/piper_description:/home/leo/Group7LitterRobot-main/sapling_ws/install/vision_pkg:/home/leo/Group7LitterRobot-main/sapling_ws/install/vision:/home/leo/Group7LitterRobot-main/sapling_ws/install/pick_and_place_python:/home/leo/Group7LitterRobot-main/sapling_ws/install/piper:/home/leo/Group7LitterRobot-main/sapling_ws/install/navigation:/home/leo/Group7LitterRobot-main/sapling_ws/install/comms:/home/leo/Group7LitterRobot-main/sapling_ws/install/brain:/home/leo/Group7LitterRobot-main/sapling_ws/install/add_zones_pkg:/opt/ros/humble LD_LIBRARY_PATH=/home/leo/Group7LitterRobot/sapling_ws/install/piper_msgs/lib:${LD_LIBRARY_PATH} PYTHONPATH=/home/leo/Group7LitterRobot/sapling_ws/install/piper_msgs/local/lib/python3.10/dist-packages:${PYTHONPATH} /usr/bin/cmake --build /home/leo/Group7LitterRobot/sapling_ws/build/pick_and_place_pkg -- -j8 -l8
[17.717s] Invoking command in '/home/leo/Group7LitterRobot/sapling_ws/build/pick_and_place_pkg': AMENT_PREFIX_PATH=/home/leo/Group7LitterRobot/sapling_ws/install/piper_msgs:${AMENT_PREFIX_PATH} CMAKE_PREFIX_PATH=/home/leo/Group7LitterRobot/sapling_ws/install/piper_msgs:/home/leo/Group7LitterRobot-main/sapling_ws/install/sapling_description:/home/leo/Group7LitterRobot-main/sapling_ws/install/sapling:/home/leo/Group7LitterRobot-main/sapling_ws/install/piper_with_gripper_moveit:/home/leo/Group7LitterRobot-main/sapling_ws/install/piper_no_gripper_moveit:/home/leo/Group7LitterRobot-main/sapling_ws/install/piper_mujoco:/home/leo/Group7LitterRobot-main/sapling_ws/install/pick_and_place_pkg:/home/leo/Group7LitterRobot-main/sapling_ws/install/piper_msgs:/home/leo/Group7LitterRobot-main/sapling_ws/install/piper_humble:/home/leo/Group7LitterRobot-main/sapling_ws/install/piper_gazebo:/home/leo/Group7LitterRobot-main/sapling_ws/install/piper_description:/home/leo/Group7LitterRobot-main/sapling_ws/install/vision_pkg:/home/leo/Group7LitterRobot-main/sapling_ws/install/vision:/home/leo/Group7LitterRobot-main/sapling_ws/install/pick_and_place_python:/home/leo/Group7LitterRobot-main/sapling_ws/install/piper:/home/leo/Group7LitterRobot-main/sapling_ws/install/navigation:/home/leo/Group7LitterRobot-main/sapling_ws/install/comms:/home/leo/Group7LitterRobot-main/sapling_ws/install/brain:/home/leo/Group7LitterRobot-main/sapling_ws/install/add_zones_pkg:/opt/ros/humble LD_LIBRARY_PATH=/home/leo/Group7LitterRobot/sapling_ws/install/piper_msgs/lib:${LD_LIBRARY_PATH} PYTHONPATH=/home/leo/Group7LitterRobot/sapling_ws/install/piper_msgs/local/lib/python3.10/dist-packages:${PYTHONPATH} /usr/bin/cmake --install /home/leo/Group7LitterRobot/sapling_ws/build/pick_and_place_pkg
[17.736s] -- Install configuration: ""
[17.736s] -- Installing: /home/leo/Group7LitterRobot/sapling_ws/install/pick_and_place_pkg/lib/pick_and_place_pkg/move_to_pose_server
[17.737s] -- Set runtime path of "/home/leo/Group7LitterRobot/sapling_ws/install/pick_and_place_pkg/lib/pick_and_place_pkg/move_to_pose_server" to ""
[17.737s] -- Installing: /home/leo/Group7LitterRobot/sapling_ws/install/pick_and_place_pkg/lib/pick_and_place_pkg/set_grip_width_server
[17.738s] -- Set runtime path of "/home/leo/Group7LitterRobot/sapling_ws/install/pick_and_place_pkg/lib/pick_and_place_pkg/set_grip_width_server" to ""
[17.738s] -- Installing: /home/leo/Group7LitterRobot/sapling_ws/install/pick_and_place_pkg/lib/pick_and_place_pkg/move_to_home_server
[17.739s] -- Set runtime path of "/home/leo/Group7LitterRobot/sapling_ws/install/pick_and_place_pkg/lib/pick_and_place_pkg/move_to_home_server" to ""
[17.740s] -- Installing: /home/leo/Group7LitterRobot/sapling_ws/install/pick_and_place_pkg/share/ament_index/resource_index/package_run_dependencies/pick_and_place_pkg
[17.740s] -- Installing: /home/leo/Group7LitterRobot/sapling_ws/install/pick_and_place_pkg/share/ament_index/resource_index/parent_prefix_path/pick_and_place_pkg
[17.740s] -- Installing: /home/leo/Group7LitterRobot/sapling_ws/install/pick_and_place_pkg/share/pick_and_place_pkg/environment/ament_prefix_path.sh
[17.740s] -- Installing: /home/leo/Group7LitterRobot/sapling_ws/install/pick_and_place_pkg/share/pick_and_place_pkg/environment/ament_prefix_path.dsv
[17.741s] -- Installing: /home/leo/Group7LitterRobot/sapling_ws/install/pick_and_place_pkg/share/pick_and_place_pkg/environment/path.sh
[17.741s] -- Installing: /home/leo/Group7LitterRobot/sapling_ws/install/pick_and_place_pkg/share/pick_and_place_pkg/environment/path.dsv
[17.741s] -- Installing: /home/leo/Group7LitterRobot/sapling_ws/install/pick_and_place_pkg/share/pick_and_place_pkg/local_setup.bash
[17.741s] -- Installing: /home/leo/Group7LitterRobot/sapling_ws/install/pick_and_place_pkg/share/pick_and_place_pkg/local_setup.sh
[17.741s] -- Installing: /home/leo/Group7LitterRobot/sapling_ws/install/pick_and_place_pkg/share/pick_and_place_pkg/local_setup.zsh
[17.741s] -- Installing: /home/leo/Group7LitterRobot/sapling_ws/install/pick_and_place_pkg/share/pick_and_place_pkg/local_setup.dsv
[17.742s] -- Installing: /home/leo/Group7LitterRobot/sapling_ws/install/pick_and_place_pkg/share/pick_and_place_pkg/package.dsv
[17.742s] -- Installing: /home/leo/Group7LitterRobot/sapling_ws/install/pick_and_place_pkg/share/ament_index/resource_index/packages/pick_and_place_pkg
[17.742s] -- Installing: /home/leo/Group7LitterRobot/sapling_ws/install/pick_and_place_pkg/share/pick_and_place_pkg/cmake/pick_and_place_pkgConfig.cmake
[17.742s] -- Installing: /home/leo/Group7LitterRobot/sapling_ws/install/pick_and_place_pkg/share/pick_and_place_pkg/cmake/pick_and_place_pkgConfig-version.cmake
[17.743s] -- Installing: /home/leo/Group7LitterRobot/sapling_ws/install/pick_and_place_pkg/share/pick_and_place_pkg/package.xml
[17.746s] Invoked command in '/home/leo/Group7LitterRobot/sapling_ws/build/pick_and_place_pkg' returned '0': AMENT_PREFIX_PATH=/home/leo/Group7LitterRobot/sapling_ws/install/piper_msgs:${AMENT_PREFIX_PATH} CMAKE_PREFIX_PATH=/home/leo/Group7LitterRobot/sapling_ws/install/piper_msgs:/home/leo/Group7LitterRobot-main/sapling_ws/install/sapling_description:/home/leo/Group7LitterRobot-main/sapling_ws/install/sapling:/home/leo/Group7LitterRobot-main/sapling_ws/install/piper_with_gripper_moveit:/home/leo/Group7LitterRobot-main/sapling_ws/install/piper_no_gripper_moveit:/home/leo/Group7LitterRobot-main/sapling_ws/install/piper_mujoco:/home/leo/Group7LitterRobot-main/sapling_ws/install/pick_and_place_pkg:/home/leo/Group7LitterRobot-main/sapling_ws/install/piper_msgs:/home/leo/Group7LitterRobot-main/sapling_ws/install/piper_humble:/home/leo/Group7LitterRobot-main/sapling_ws/install/piper_gazebo:/home/leo/Group7LitterRobot-main/sapling_ws/install/piper_description:/home/leo/Group7LitterRobot-main/sapling_ws/install/vision_pkg:/home/leo/Group7LitterRobot-main/sapling_ws/install/vision:/home/leo/Group7LitterRobot-main/sapling_ws/install/pick_and_place_python:/home/leo/Group7LitterRobot-main/sapling_ws/install/piper:/home/leo/Group7LitterRobot-main/sapling_ws/install/navigation:/home/leo/Group7LitterRobot-main/sapling_ws/install/comms:/home/leo/Group7LitterRobot-main/sapling_ws/install/brain:/home/leo/Group7LitterRobot-main/sapling_ws/install/add_zones_pkg:/opt/ros/humble LD_LIBRARY_PATH=/home/leo/Group7LitterRobot/sapling_ws/install/piper_msgs/lib:${LD_LIBRARY_PATH} PYTHONPATH=/home/leo/Group7LitterRobot/sapling_ws/install/piper_msgs/local/lib/python3.10/dist-packages:${PYTHONPATH} /usr/bin/cmake --install /home/leo/Group7LitterRobot/sapling_ws/build/pick_and_place_pkg
