running egg_info
creating ../../../../../build/pick_and_place_python/pick_and_place_python.egg-info
writing ../../../../../build/pick_and_place_python/pick_and_place_python.egg-info/PKG-INFO
writing dependency_links to ../../../../../build/pick_and_place_python/pick_and_place_python.egg-info/dependency_links.txt
writing entry points to ../../../../../build/pick_and_place_python/pick_and_place_python.egg-info/entry_points.txt
writing requirements to ../../../../../build/pick_and_place_python/pick_and_place_python.egg-info/requires.txt
writing top-level names to ../../../../../build/pick_and_place_python/pick_and_place_python.egg-info/top_level.txt
writing manifest file '../../../../../build/pick_and_place_python/pick_and_place_python.egg-info/SOURCES.txt'
reading manifest file '../../../../../build/pick_and_place_python/pick_and_place_python.egg-info/SOURCES.txt'
writing manifest file '../../../../../build/pick_and_place_python/pick_and_place_python.egg-info/SOURCES.txt'
running build
running build_py
creating /home/leo/Group7LitterRobot/sapling_ws/build/pick_and_place_python/build
creating /home/leo/Group7LitterRobot/sapling_ws/build/pick_and_place_python/build/lib
creating /home/leo/Group7LitterRobot/sapling_ws/build/pick_and_place_python/build/lib/pick_and_place_python
copying pick_and_place_python/pick_place_client.py -> /home/leo/Group7LitterRobot/sapling_ws/build/pick_and_place_python/build/lib/pick_and_place_python
copying pick_and_place_python/__init__.py -> /home/leo/Group7LitterRobot/sapling_ws/build/pick_and_place_python/build/lib/pick_and_place_python
copying pick_and_place_python/multi_pick.py -> /home/leo/Group7LitterRobot/sapling_ws/build/pick_and_place_python/build/lib/pick_and_place_python
running install
running install_lib
creating /home/leo/Group7LitterRobot/sapling_ws/install/pick_and_place_python/lib/python3.10/site-packages/pick_and_place_python
copying /home/leo/Group7LitterRobot/sapling_ws/build/pick_and_place_python/build/lib/pick_and_place_python/pick_place_client.py -> /home/leo/Group7LitterRobot/sapling_ws/install/pick_and_place_python/lib/python3.10/site-packages/pick_and_place_python
copying /home/leo/Group7LitterRobot/sapling_ws/build/pick_and_place_python/build/lib/pick_and_place_python/__init__.py -> /home/leo/Group7LitterRobot/sapling_ws/install/pick_and_place_python/lib/python3.10/site-packages/pick_and_place_python
copying /home/leo/Group7LitterRobot/sapling_ws/build/pick_and_place_python/build/lib/pick_and_place_python/multi_pick.py -> /home/leo/Group7LitterRobot/sapling_ws/install/pick_and_place_python/lib/python3.10/site-packages/pick_and_place_python
byte-compiling /home/leo/Group7LitterRobot/sapling_ws/install/pick_and_place_python/lib/python3.10/site-packages/pick_and_place_python/pick_place_client.py to pick_place_client.cpython-310.pyc
byte-compiling /home/leo/Group7LitterRobot/sapling_ws/install/pick_and_place_python/lib/python3.10/site-packages/pick_and_place_python/__init__.py to __init__.cpython-310.pyc
byte-compiling /home/leo/Group7LitterRobot/sapling_ws/install/pick_and_place_python/lib/python3.10/site-packages/pick_and_place_python/multi_pick.py to multi_pick.cpython-310.pyc
running install_data
creating /home/leo/Group7LitterRobot/sapling_ws/install/pick_and_place_python/share/ament_index
creating /home/leo/Group7LitterRobot/sapling_ws/install/pick_and_place_python/share/ament_index/resource_index
creating /home/leo/Group7LitterRobot/sapling_ws/install/pick_and_place_python/share/ament_index/resource_index/packages
copying resource/pick_and_place_python -> /home/leo/Group7LitterRobot/sapling_ws/install/pick_and_place_python/share/ament_index/resource_index/packages
copying package.xml -> /home/leo/Group7LitterRobot/sapling_ws/install/pick_and_place_python/share/pick_and_place_python
running install_egg_info
Copying ../../../../../build/pick_and_place_python/pick_and_place_python.egg-info to /home/leo/Group7LitterRobot/sapling_ws/install/pick_and_place_python/lib/python3.10/site-packages/pick_and_place_python-0.0.0-py3.10.egg-info
running install_scripts
Installing multi_pick script to /home/leo/Group7LitterRobot/sapling_ws/install/pick_and_place_python/lib/pick_and_place_python
Installing pick_and_place_client script to /home/leo/Group7LitterRobot/sapling_ws/install/pick_and_place_python/lib/pick_and_place_python
writing list of installed files to '/home/leo/Group7LitterRobot/sapling_ws/build/pick_and_place_python/install.log'
