[0.044s] Invoking command in '/home/leo/Group7LitterRobot/sapling_ws/build/piper_with_gripper_moveit': AMENT_PREFIX_PATH=/home/leo/Group7LitterRobot/sapling_ws/install/piper_description:${AMENT_PREFIX_PATH} CMAKE_PREFIX_PATH=/home/leo/Group7LitterRobot/sapling_ws/install/piper_description:/home/leo/Group7LitterRobot-main/sapling_ws/install/sapling_description:/home/leo/Group7LitterRobot-main/sapling_ws/install/sapling:/home/leo/Group7LitterRobot-main/sapling_ws/install/piper_with_gripper_moveit:/home/leo/Group7LitterRobot-main/sapling_ws/install/piper_no_gripper_moveit:/home/leo/Group7LitterRobot-main/sapling_ws/install/piper_mujoco:/home/leo/Group7LitterRobot-main/sapling_ws/install/pick_and_place_pkg:/home/leo/Group7LitterRobot-main/sapling_ws/install/piper_msgs:/home/leo/Group7LitterRobot-main/sapling_ws/install/piper_humble:/home/leo/Group7LitterRobot-main/sapling_ws/install/piper_gazebo:/home/leo/Group7LitterRobot-main/sapling_ws/install/piper_description:/home/leo/Group7LitterRobot-main/sapling_ws/install/vision_pkg:/home/leo/Group7LitterRobot-main/sapling_ws/install/vision:/home/leo/Group7LitterRobot-main/sapling_ws/install/pick_and_place_python:/home/leo/Group7LitterRobot-main/sapling_ws/install/piper:/home/leo/Group7LitterRobot-main/sapling_ws/install/navigation:/home/leo/Group7LitterRobot-main/sapling_ws/install/comms:/home/leo/Group7LitterRobot-main/sapling_ws/install/brain:/home/leo/Group7LitterRobot-main/sapling_ws/install/add_zones_pkg:/opt/ros/humble /usr/bin/cmake /home/leo/Group7LitterRobot/sapling_ws/src/domains/arm/piper_moveit/piper_with_gripper_moveit -DCMAKE_INSTALL_PREFIX=/home/leo/Group7LitterRobot/sapling_ws/install/piper_with_gripper_moveit
[0.223s] -- The C compiler identification is GNU 11.4.0
[0.331s] -- The CXX compiler identification is GNU 11.4.0
[0.361s] -- Detecting C compiler ABI info
[0.574s] -- Detecting C compiler ABI info - done
[0.601s] -- Check for working C compiler: /usr/bin/cc - skipped
[0.601s] -- Detecting C compile features
[0.605s] -- Detecting C compile features - done
[0.616s] -- Detecting CXX compiler ABI info
[0.864s] -- Detecting CXX compiler ABI info - done
[0.893s] -- Check for working CXX compiler: /usr/bin/c++ - skipped
[0.893s] -- Detecting CXX compile features
[0.893s] -- Detecting CXX compile features - done
[0.906s] -- Found ament_cmake: 1.3.12 (/opt/ros/humble/share/ament_cmake/cmake)
[1.332s] -- Found Python3: /usr/bin/python3 (found version "3.10.12") found components: Interpreter 
[1.815s] -- Configuring done
[1.822s] -- Generating done
[1.831s] -- Build files have been written to: /home/leo/Group7LitterRobot/sapling_ws/build/piper_with_gripper_moveit
[1.852s] Invoked command in '/home/leo/Group7LitterRobot/sapling_ws/build/piper_with_gripper_moveit' returned '0': AMENT_PREFIX_PATH=/home/leo/Group7LitterRobot/sapling_ws/install/piper_description:${AMENT_PREFIX_PATH} CMAKE_PREFIX_PATH=/home/leo/Group7LitterRobot/sapling_ws/install/piper_description:/home/leo/Group7LitterRobot-main/sapling_ws/install/sapling_description:/home/leo/Group7LitterRobot-main/sapling_ws/install/sapling:/home/leo/Group7LitterRobot-main/sapling_ws/install/piper_with_gripper_moveit:/home/leo/Group7LitterRobot-main/sapling_ws/install/piper_no_gripper_moveit:/home/leo/Group7LitterRobot-main/sapling_ws/install/piper_mujoco:/home/leo/Group7LitterRobot-main/sapling_ws/install/pick_and_place_pkg:/home/leo/Group7LitterRobot-main/sapling_ws/install/piper_msgs:/home/leo/Group7LitterRobot-main/sapling_ws/install/piper_humble:/home/leo/Group7LitterRobot-main/sapling_ws/install/piper_gazebo:/home/leo/Group7LitterRobot-main/sapling_ws/install/piper_description:/home/leo/Group7LitterRobot-main/sapling_ws/install/vision_pkg:/home/leo/Group7LitterRobot-main/sapling_ws/install/vision:/home/leo/Group7LitterRobot-main/sapling_ws/install/pick_and_place_python:/home/leo/Group7LitterRobot-main/sapling_ws/install/piper:/home/leo/Group7LitterRobot-main/sapling_ws/install/navigation:/home/leo/Group7LitterRobot-main/sapling_ws/install/comms:/home/leo/Group7LitterRobot-main/sapling_ws/install/brain:/home/leo/Group7LitterRobot-main/sapling_ws/install/add_zones_pkg:/opt/ros/humble /usr/bin/cmake /home/leo/Group7LitterRobot/sapling_ws/src/domains/arm/piper_moveit/piper_with_gripper_moveit -DCMAKE_INSTALL_PREFIX=/home/leo/Group7LitterRobot/sapling_ws/install/piper_with_gripper_moveit
[1.855s] Invoking command in '/home/leo/Group7LitterRobot/sapling_ws/build/piper_with_gripper_moveit': AMENT_PREFIX_PATH=/home/leo/Group7LitterRobot/sapling_ws/install/piper_description:${AMENT_PREFIX_PATH} CMAKE_PREFIX_PATH=/home/leo/Group7LitterRobot/sapling_ws/install/piper_description:/home/leo/Group7LitterRobot-main/sapling_ws/install/sapling_description:/home/leo/Group7LitterRobot-main/sapling_ws/install/sapling:/home/leo/Group7LitterRobot-main/sapling_ws/install/piper_with_gripper_moveit:/home/leo/Group7LitterRobot-main/sapling_ws/install/piper_no_gripper_moveit:/home/leo/Group7LitterRobot-main/sapling_ws/install/piper_mujoco:/home/leo/Group7LitterRobot-main/sapling_ws/install/pick_and_place_pkg:/home/leo/Group7LitterRobot-main/sapling_ws/install/piper_msgs:/home/leo/Group7LitterRobot-main/sapling_ws/install/piper_humble:/home/leo/Group7LitterRobot-main/sapling_ws/install/piper_gazebo:/home/leo/Group7LitterRobot-main/sapling_ws/install/piper_description:/home/leo/Group7LitterRobot-main/sapling_ws/install/vision_pkg:/home/leo/Group7LitterRobot-main/sapling_ws/install/vision:/home/leo/Group7LitterRobot-main/sapling_ws/install/pick_and_place_python:/home/leo/Group7LitterRobot-main/sapling_ws/install/piper:/home/leo/Group7LitterRobot-main/sapling_ws/install/navigation:/home/leo/Group7LitterRobot-main/sapling_ws/install/comms:/home/leo/Group7LitterRobot-main/sapling_ws/install/brain:/home/leo/Group7LitterRobot-main/sapling_ws/install/add_zones_pkg:/opt/ros/humble /usr/bin/cmake --build /home/leo/Group7LitterRobot/sapling_ws/build/piper_with_gripper_moveit -- -j8 -l8
[1.924s] Invoked command in '/home/leo/Group7LitterRobot/sapling_ws/build/piper_with_gripper_moveit' returned '0': AMENT_PREFIX_PATH=/home/leo/Group7LitterRobot/sapling_ws/install/piper_description:${AMENT_PREFIX_PATH} CMAKE_PREFIX_PATH=/home/leo/Group7LitterRobot/sapling_ws/install/piper_description:/home/leo/Group7LitterRobot-main/sapling_ws/install/sapling_description:/home/leo/Group7LitterRobot-main/sapling_ws/install/sapling:/home/leo/Group7LitterRobot-main/sapling_ws/install/piper_with_gripper_moveit:/home/leo/Group7LitterRobot-main/sapling_ws/install/piper_no_gripper_moveit:/home/leo/Group7LitterRobot-main/sapling_ws/install/piper_mujoco:/home/leo/Group7LitterRobot-main/sapling_ws/install/pick_and_place_pkg:/home/leo/Group7LitterRobot-main/sapling_ws/install/piper_msgs:/home/leo/Group7LitterRobot-main/sapling_ws/install/piper_humble:/home/leo/Group7LitterRobot-main/sapling_ws/install/piper_gazebo:/home/leo/Group7LitterRobot-main/sapling_ws/install/piper_description:/home/leo/Group7LitterRobot-main/sapling_ws/install/vision_pkg:/home/leo/Group7LitterRobot-main/sapling_ws/install/vision:/home/leo/Group7LitterRobot-main/sapling_ws/install/pick_and_place_python:/home/leo/Group7LitterRobot-main/sapling_ws/install/piper:/home/leo/Group7LitterRobot-main/sapling_ws/install/navigation:/home/leo/Group7LitterRobot-main/sapling_ws/install/comms:/home/leo/Group7LitterRobot-main/sapling_ws/install/brain:/home/leo/Group7LitterRobot-main/sapling_ws/install/add_zones_pkg:/opt/ros/humble /usr/bin/cmake --build /home/leo/Group7LitterRobot/sapling_ws/build/piper_with_gripper_moveit -- -j8 -l8
[1.926s] Invoking command in '/home/leo/Group7LitterRobot/sapling_ws/build/piper_with_gripper_moveit': AMENT_PREFIX_PATH=/home/leo/Group7LitterRobot/sapling_ws/install/piper_description:${AMENT_PREFIX_PATH} CMAKE_PREFIX_PATH=/home/leo/Group7LitterRobot/sapling_ws/install/piper_description:/home/leo/Group7LitterRobot-main/sapling_ws/install/sapling_description:/home/leo/Group7LitterRobot-main/sapling_ws/install/sapling:/home/leo/Group7LitterRobot-main/sapling_ws/install/piper_with_gripper_moveit:/home/leo/Group7LitterRobot-main/sapling_ws/install/piper_no_gripper_moveit:/home/leo/Group7LitterRobot-main/sapling_ws/install/piper_mujoco:/home/leo/Group7LitterRobot-main/sapling_ws/install/pick_and_place_pkg:/home/leo/Group7LitterRobot-main/sapling_ws/install/piper_msgs:/home/leo/Group7LitterRobot-main/sapling_ws/install/piper_humble:/home/leo/Group7LitterRobot-main/sapling_ws/install/piper_gazebo:/home/leo/Group7LitterRobot-main/sapling_ws/install/piper_description:/home/leo/Group7LitterRobot-main/sapling_ws/install/vision_pkg:/home/leo/Group7LitterRobot-main/sapling_ws/install/vision:/home/leo/Group7LitterRobot-main/sapling_ws/install/pick_and_place_python:/home/leo/Group7LitterRobot-main/sapling_ws/install/piper:/home/leo/Group7LitterRobot-main/sapling_ws/install/navigation:/home/leo/Group7LitterRobot-main/sapling_ws/install/comms:/home/leo/Group7LitterRobot-main/sapling_ws/install/brain:/home/leo/Group7LitterRobot-main/sapling_ws/install/add_zones_pkg:/opt/ros/humble /usr/bin/cmake --install /home/leo/Group7LitterRobot/sapling_ws/build/piper_with_gripper_moveit
[1.940s] -- Install configuration: ""
[1.941s] -- Installing: /home/leo/Group7LitterRobot/sapling_ws/install/piper_with_gripper_moveit/share/ament_index/resource_index/package_run_dependencies/piper_with_gripper_moveit
[1.941s] -- Installing: /home/leo/Group7LitterRobot/sapling_ws/install/piper_with_gripper_moveit/share/ament_index/resource_index/parent_prefix_path/piper_with_gripper_moveit
[1.942s] -- Installing: /home/leo/Group7LitterRobot/sapling_ws/install/piper_with_gripper_moveit/share/piper_with_gripper_moveit/environment/ament_prefix_path.sh
[1.943s] -- Installing: /home/leo/Group7LitterRobot/sapling_ws/install/piper_with_gripper_moveit/share/piper_with_gripper_moveit/environment/ament_prefix_path.dsv
[1.943s] -- Installing: /home/leo/Group7LitterRobot/sapling_ws/install/piper_with_gripper_moveit/share/piper_with_gripper_moveit/environment/path.sh
[1.946s] -- Installing: /home/leo/Group7LitterRobot/sapling_ws/install/piper_with_gripper_moveit/share/piper_with_gripper_moveit/environment/path.dsv
[1.946s] -- Installing: /home/leo/Group7LitterRobot/sapling_ws/install/piper_with_gripper_moveit/share/piper_with_gripper_moveit/local_setup.bash
[1.946s] -- Installing: /home/leo/Group7LitterRobot/sapling_ws/install/piper_with_gripper_moveit/share/piper_with_gripper_moveit/local_setup.sh
[1.947s] -- Installing: /home/leo/Group7LitterRobot/sapling_ws/install/piper_with_gripper_moveit/share/piper_with_gripper_moveit/local_setup.zsh
[1.947s] -- Installing: /home/leo/Group7LitterRobot/sapling_ws/install/piper_with_gripper_moveit/share/piper_with_gripper_moveit/local_setup.dsv
[1.947s] -- Installing: /home/leo/Group7LitterRobot/sapling_ws/install/piper_with_gripper_moveit/share/piper_with_gripper_moveit/package.dsv
[1.947s] -- Installing: /home/leo/Group7LitterRobot/sapling_ws/install/piper_with_gripper_moveit/share/ament_index/resource_index/packages/piper_with_gripper_moveit
[1.947s] -- Installing: /home/leo/Group7LitterRobot/sapling_ws/install/piper_with_gripper_moveit/share/piper_with_gripper_moveit/cmake/piper_with_gripper_moveitConfig.cmake
[1.949s] -- Installing: /home/leo/Group7LitterRobot/sapling_ws/install/piper_with_gripper_moveit/share/piper_with_gripper_moveit/cmake/piper_with_gripper_moveitConfig-version.cmake
[1.949s] -- Installing: /home/leo/Group7LitterRobot/sapling_ws/install/piper_with_gripper_moveit/share/piper_with_gripper_moveit/package.xml
[1.950s] -- Installing: /home/leo/Group7LitterRobot/sapling_ws/install/piper_with_gripper_moveit/share/piper_with_gripper_moveit/launch
[1.950s] -- Installing: /home/leo/Group7LitterRobot/sapling_ws/install/piper_with_gripper_moveit/share/piper_with_gripper_moveit/launch/static_virtual_joint_tfs.launch.py
[1.950s] -- Installing: /home/leo/Group7LitterRobot/sapling_ws/install/piper_with_gripper_moveit/share/piper_with_gripper_moveit/launch/move_group.launch.py
[1.950s] -- Installing: /home/leo/Group7LitterRobot/sapling_ws/install/piper_with_gripper_moveit/share/piper_with_gripper_moveit/launch/spawn_controllers.launch.py
[1.956s] -- Installing: /home/leo/Group7LitterRobot/sapling_ws/install/piper_with_gripper_moveit/share/piper_with_gripper_moveit/launch/demo.launch.py
[1.957s] -- Installing: /home/leo/Group7LitterRobot/sapling_ws/install/piper_with_gripper_moveit/share/piper_with_gripper_moveit/launch/rsp.launch.py
[1.957s] -- Installing: /home/leo/Group7LitterRobot/sapling_ws/install/piper_with_gripper_moveit/share/piper_with_gripper_moveit/launch/warehouse_db.launch.py
[1.957s] -- Installing: /home/leo/Group7LitterRobot/sapling_ws/install/piper_with_gripper_moveit/share/piper_with_gripper_moveit/launch/moveit_rviz.launch.py
[1.957s] -- Installing: /home/leo/Group7LitterRobot/sapling_ws/install/piper_with_gripper_moveit/share/piper_with_gripper_moveit/launch/piper_moveit.launch.py
[1.957s] -- Installing: /home/leo/Group7LitterRobot/sapling_ws/install/piper_with_gripper_moveit/share/piper_with_gripper_moveit/launch/setup_assistant.launch.py
[1.957s] -- Installing: /home/leo/Group7LitterRobot/sapling_ws/install/piper_with_gripper_moveit/share/piper_with_gripper_moveit/config
[1.957s] -- Installing: /home/leo/Group7LitterRobot/sapling_ws/install/piper_with_gripper_moveit/share/piper_with_gripper_moveit/config/kinematics_old.yaml
[1.957s] -- Installing: /home/leo/Group7LitterRobot/sapling_ws/install/piper_with_gripper_moveit/share/piper_with_gripper_moveit/config/ros2_controllers.yaml
[1.957s] -- Installing: /home/leo/Group7LitterRobot/sapling_ws/install/piper_with_gripper_moveit/share/piper_with_gripper_moveit/config/joint_limits.yaml
[1.958s] -- Installing: /home/leo/Group7LitterRobot/sapling_ws/install/piper_with_gripper_moveit/share/piper_with_gripper_moveit/config/sensors_3d.yaml
[1.958s] -- Installing: /home/leo/Group7LitterRobot/sapling_ws/install/piper_with_gripper_moveit/share/piper_with_gripper_moveit/config/piper.srdf
[1.958s] -- Installing: /home/leo/Group7LitterRobot/sapling_ws/install/piper_with_gripper_moveit/share/piper_with_gripper_moveit/config/kinematics.yaml
[1.958s] -- Installing: /home/leo/Group7LitterRobot/sapling_ws/install/piper_with_gripper_moveit/share/piper_with_gripper_moveit/config/initial_positions.yaml
[1.958s] -- Installing: /home/leo/Group7LitterRobot/sapling_ws/install/piper_with_gripper_moveit/share/piper_with_gripper_moveit/config/piper.ros2_control.xacro
[1.958s] -- Installing: /home/leo/Group7LitterRobot/sapling_ws/install/piper_with_gripper_moveit/share/piper_with_gripper_moveit/config/piper.urdf.xacro
[1.958s] -- Installing: /home/leo/Group7LitterRobot/sapling_ws/install/piper_with_gripper_moveit/share/piper_with_gripper_moveit/config/moveit.rviz
[1.958s] -- Installing: /home/leo/Group7LitterRobot/sapling_ws/install/piper_with_gripper_moveit/share/piper_with_gripper_moveit/config/moveit_controllers.yaml
[1.958s] -- Installing: /home/leo/Group7LitterRobot/sapling_ws/install/piper_with_gripper_moveit/share/piper_with_gripper_moveit/config/pilz_cartesian_limits.yaml
[1.958s] -- Installing: /home/leo/Group7LitterRobot/sapling_ws/install/piper_with_gripper_moveit/share/piper_with_gripper_moveit/.setup_assistant
[1.966s] Invoked command in '/home/leo/Group7LitterRobot/sapling_ws/build/piper_with_gripper_moveit' returned '0': AMENT_PREFIX_PATH=/home/leo/Group7LitterRobot/sapling_ws/install/piper_description:${AMENT_PREFIX_PATH} CMAKE_PREFIX_PATH=/home/leo/Group7LitterRobot/sapling_ws/install/piper_description:/home/leo/Group7LitterRobot-main/sapling_ws/install/sapling_description:/home/leo/Group7LitterRobot-main/sapling_ws/install/sapling:/home/leo/Group7LitterRobot-main/sapling_ws/install/piper_with_gripper_moveit:/home/leo/Group7LitterRobot-main/sapling_ws/install/piper_no_gripper_moveit:/home/leo/Group7LitterRobot-main/sapling_ws/install/piper_mujoco:/home/leo/Group7LitterRobot-main/sapling_ws/install/pick_and_place_pkg:/home/leo/Group7LitterRobot-main/sapling_ws/install/piper_msgs:/home/leo/Group7LitterRobot-main/sapling_ws/install/piper_humble:/home/leo/Group7LitterRobot-main/sapling_ws/install/piper_gazebo:/home/leo/Group7LitterRobot-main/sapling_ws/install/piper_description:/home/leo/Group7LitterRobot-main/sapling_ws/install/vision_pkg:/home/leo/Group7LitterRobot-main/sapling_ws/install/vision:/home/leo/Group7LitterRobot-main/sapling_ws/install/pick_and_place_python:/home/leo/Group7LitterRobot-main/sapling_ws/install/piper:/home/leo/Group7LitterRobot-main/sapling_ws/install/navigation:/home/leo/Group7LitterRobot-main/sapling_ws/install/comms:/home/leo/Group7LitterRobot-main/sapling_ws/install/brain:/home/leo/Group7LitterRobot-main/sapling_ws/install/add_zones_pkg:/opt/ros/humble /usr/bin/cmake --install /home/leo/Group7LitterRobot/sapling_ws/build/piper_with_gripper_moveit
